[2019-10-29 05:03:11] local.ERROR: Class 'Facade\Ignition\IgnitionServiceProvider' not found {"exception":"[object] (Symfony\\Component\\Debug\\Exception\\FatalThrowableError(code: 0): Class 'Facade\\Ignition\\IgnitionServiceProvider' not found at /Users/hugoeguino/_ProyectoSOGA/_ProyectoSOGA/vendor/laravel/framework/src/Illuminate/Foundation/Application.php:670)
[stacktrace]
#0 /Users/hugoeguino/_ProyectoSOGA/_ProyectoSOGA/vendor/laravel/framework/src/Illuminate/Foundation/Application.php(604): Illuminate\\Foundation\\Application->resolveProvider('Facade\\\\Ignition...')
#1 /Users/hugoeguino/_ProyectoSOGA/_ProyectoSOGA/vendor/laravel/framework/src/Illuminate/Foundation/ProviderRepository.php(75): Illuminate\\Foundation\\Application->register('Facade\\\\Ignition...')
#2 /Users/hugoeguino/_ProyectoSOGA/_ProyectoSOGA/vendor/laravel/framework/src/Illuminate/Foundation/Application.php(584): Illuminate\\Foundation\\ProviderRepository->load(Array)
#3 /Users/hugoeguino/_ProyectoSOGA/_ProyectoSOGA/vendor/laravel/framework/src/Illuminate/Foundation/Bootstrap/RegisterProviders.php(17): Illuminate\\Foundation\\Application->registerConfiguredProviders()
#4 /Users/hugoeguino/_ProyectoSOGA/_ProyectoSOGA/vendor/laravel/framework/src/Illuminate/Foundation/Application.php(210): Illuminate\\Foundation\\Bootstrap\\RegisterProviders->bootstrap(Object(Illuminate\\Foundation\\Application))
#5 /Users/hugoeguino/_ProyectoSOGA/_ProyectoSOGA/vendor/laravel/framework/src/Illuminate/Foundation/Console/Kernel.php(322): Illuminate\\Foundation\\Application->bootstrapWith(Array)
#6 /Users/hugoeguino/_ProyectoSOGA/_ProyectoSOGA/vendor/laravel/framework/src/Illuminate/Foundation/Console/Kernel.php(131): Illuminate\\Foundation\\Console\\Kernel->bootstrap()
#7 /Users/hugoeguino/_ProyectoSOGA/_ProyectoSOGA/artisan(37): Illuminate\\Foundation\\Console\\Kernel->handle(Object(Symfony\\Component\\Console\\Input\\ArgvInput), Object(Symfony\\Component\\Console\\Output\\ConsoleOutput))
#8 {main}
"} 
[2019-10-29 05:08:24] local.ERROR: Class 'Facade\Ignition\IgnitionServiceProvider' not found {"exception":"[object] (Symfony\\Component\\Debug\\Exception\\FatalThrowableError(code: 0): Class 'Facade\\Ignition\\IgnitionServiceProvider' not found at /Users/hugoeguino/_ProyectoSOGA/_ProyectoSOGA/vendor/laravel/framework/src/Illuminate/Foundation/Application.php:670)
[stacktrace]
#0 /Users/hugoeguino/_ProyectoSOGA/_ProyectoSOGA/vendor/laravel/framework/src/Illuminate/Foundation/Application.php(604): Illuminate\\Foundation\\Application->resolveProvider('Facade\\\\Ignition...')
#1 /Users/hugoeguino/_ProyectoSOGA/_ProyectoSOGA/vendor/laravel/framework/src/Illuminate/Foundation/ProviderRepository.php(75): Illuminate\\Foundation\\Application->register('Facade\\\\Ignition...')
#2 /Users/hugoeguino/_ProyectoSOGA/_ProyectoSOGA/vendor/laravel/framework/src/Illuminate/Foundation/Application.php(584): Illuminate\\Foundation\\ProviderRepository->load(Array)
#3 /Users/hugoeguino/_ProyectoSOGA/_ProyectoSOGA/vendor/laravel/framework/src/Illuminate/Foundation/Bootstrap/RegisterProviders.php(17): Illuminate\\Foundation\\Application->registerConfiguredProviders()
#4 /Users/hugoeguino/_ProyectoSOGA/_ProyectoSOGA/vendor/laravel/framework/src/Illuminate/Foundation/Application.php(210): Illuminate\\Foundation\\Bootstrap\\RegisterProviders->bootstrap(Object(Illuminate\\Foundation\\Application))
#5 /Users/hugoeguino/_ProyectoSOGA/_ProyectoSOGA/vendor/laravel/framework/src/Illuminate/Foundation/Console/Kernel.php(322): Illuminate\\Foundation\\Application->bootstrapWith(Array)
#6 /Users/hugoeguino/_ProyectoSOGA/_ProyectoSOGA/vendor/laravel/framework/src/Illuminate/Foundation/Console/Kernel.php(131): Illuminate\\Foundation\\Console\\Kernel->bootstrap()
#7 /Users/hugoeguino/_ProyectoSOGA/_ProyectoSOGA/artisan(37): Illuminate\\Foundation\\Console\\Kernel->handle(Object(Symfony\\Component\\Console\\Input\\ArgvInput), Object(Symfony\\Component\\Console\\Output\\ConsoleOutput))
#8 {main}
"} 
[2019-10-29 05:19:25] local.ERROR: Class 'Facade\Ignition\IgnitionServiceProvider' not found {"exception":"[object] (Symfony\\Component\\Debug\\Exception\\FatalThrowableError(code: 0): Class 'Facade\\Ignition\\IgnitionServiceProvider' not found at /Users/hugoeguino/_ProyectoSOGA/_ProyectoSOGA/vendor/laravel/framework/src/Illuminate/Foundation/Application.php:670)
[stacktrace]
#0 /Users/hugoeguino/_ProyectoSOGA/_ProyectoSOGA/vendor/laravel/framework/src/Illuminate/Foundation/Application.php(604): Illuminate\\Foundation\\Application->resolveProvider('Facade\\\\Ignition...')
#1 /Users/hugoeguino/_ProyectoSOGA/_ProyectoSOGA/vendor/laravel/framework/src/Illuminate/Foundation/ProviderRepository.php(75): Illuminate\\Foundation\\Application->register('Facade\\\\Ignition...')
#2 /Users/hugoeguino/_ProyectoSOGA/_ProyectoSOGA/vendor/laravel/framework/src/Illuminate/Foundation/Application.php(584): Illuminate\\Foundation\\ProviderRepository->load(Array)
#3 /Users/hugoeguino/_ProyectoSOGA/_ProyectoSOGA/vendor/laravel/framework/src/Illuminate/Foundation/Bootstrap/RegisterProviders.php(17): Illuminate\\Foundation\\Application->registerConfiguredProviders()
#4 /Users/hugoeguino/_ProyectoSOGA/_ProyectoSOGA/vendor/laravel/framework/src/Illuminate/Foundation/Application.php(210): Illuminate\\Foundation\\Bootstrap\\RegisterProviders->bootstrap(Object(Illuminate\\Foundation\\Application))
#5 /Users/hugoeguino/_ProyectoSOGA/_ProyectoSOGA/vendor/laravel/framework/src/Illuminate/Foundation/Console/Kernel.php(322): Illuminate\\Foundation\\Application->bootstrapWith(Array)
#6 /Users/hugoeguino/_ProyectoSOGA/_ProyectoSOGA/vendor/laravel/framework/src/Illuminate/Foundation/Console/Kernel.php(131): Illuminate\\Foundation\\Console\\Kernel->bootstrap()
#7 /Users/hugoeguino/_ProyectoSOGA/_ProyectoSOGA/artisan(37): Illuminate\\Foundation\\Console\\Kernel->handle(Object(Symfony\\Component\\Console\\Input\\ArgvInput), Object(Symfony\\Component\\Console\\Output\\ConsoleOutput))
#8 {main}
"} 
