[2019-12-05 20:21:36] local.ERROR: SQLSTATE[HY000] [2002] Connection refused (SQL: insert into `users` (`name`, `username`, `email`, `password`, `id_area`) values (Coordinador, Coordinador, , $2y$10$TX5PtdgjXqlIqfUzbdK0u.5CuvhmbsdjSzM2bN3bPh.zcH6lx1rYC, 1)) {"exception":"[object] (Illuminate\\Database\\QueryException(code: 2002): SQLSTATE[HY000] [2002] Connection refused (SQL: insert into `users` (`name`, `username`, `email`, `password`, `id_area`) values (Coordinador, Coordinador, , $2y$10$TX5PtdgjXqlIqfUzbdK0u.5CuvhmbsdjSzM2bN3bPh.zcH6lx1rYC, 1)) at /Users/hugoeguino/_ProyectoSOGA/_ProyectoSOGA/vendor/laravel/framework/src/Illuminate/Database/Connection.php:665)
[stacktrace]
#0 /Users/hugoeguino/_ProyectoSOGA/_ProyectoSOGA/vendor/laravel/framework/src/Illuminate/Database/Connection.php(625): Illuminate\\Database\\Connection->runQueryCallback('insert into `us...', Array, Object(Closure))
#1 /Users/hugoeguino/_ProyectoSOGA/_ProyectoSOGA/vendor/laravel/framework/src/Illuminate/Database/Connection.php(460): Illuminate\\Database\\Connection->run('insert into `us...', Array, Object(Closure))
#2 /Users/hugoeguino/_ProyectoSOGA/_ProyectoSOGA/vendor/laravel/framework/src/Illuminate/Database/Connection.php(412): Illuminate\\Database\\Connection->statement('insert into `us...', Array)
#3 /Users/hugoeguino/_ProyectoSOGA/_ProyectoSOGA/vendor/laravel/framework/src/Illuminate/Database/Query/Builder.php(2604): Illuminate\\Database\\Connection->insert('insert into `us...', Array)
#4 /Users/hugoeguino/_ProyectoSOGA/_ProyectoSOGA/database/seeds/UsersTableSeeder.php(19): Illuminate\\Database\\Query\\Builder->insert(Array)
#5 [internal function]: UsersTableSeeder->run()
#6 /Users/hugoeguino/_ProyectoSOGA/_ProyectoSOGA/vendor/laravel/framework/src/Illuminate/Container/BoundMethod.php(32): call_user_func_array(Array, Array)
#7 /Users/hugoeguino/_ProyectoSOGA/_ProyectoSOGA/vendor/laravel/framework/src/Illuminate/Support/helpers.php(520): Illuminate\\Container\\BoundMethod::Illuminate\\Container\\{closure}()
#8 /Users/hugoeguino/_ProyectoSOGA/_ProyectoSOGA/vendor/laravel/framework/src/Illuminate/Container/BoundMethod.php(90): value(Object(Closure))
#9 /Users/hugoeguino/_ProyectoSOGA/_ProyectoSOGA/vendor/laravel/framework/src/Illuminate/Container/BoundMethod.php(34): Illuminate\\Container\\BoundMethod::callBoundMethod(Object(Illuminate\\Foundation\\Application), Array, Object(Closure))
#10 /Users/hugoeguino/_ProyectoSOGA/_ProyectoSOGA/vendor/laravel/framework/src/Illuminate/Container/Container.php(591): Illuminate\\Container\\BoundMethod::call(Object(Illuminate\\Foundation\\Application), Array, Array, NULL)
#11 /Users/hugoeguino/_ProyectoSOGA/_ProyectoSOGA/vendor/laravel/framework/src/Illuminate/Database/Seeder.php(134): Illuminate\\Container\\Container->call(Array)
#12 /Users/hugoeguino/_ProyectoSOGA/_ProyectoSOGA/vendor/laravel/framework/src/Illuminate/Database/Seeder.php(48): Illuminate\\Database\\Seeder->__invoke()
#13 /Users/hugoeguino/_ProyectoSOGA/_ProyectoSOGA/database/seeds/DatabaseSeeder.php(14): Illuminate\\Database\\Seeder->call('UsersTableSeede...')
#14 [internal function]: DatabaseSeeder->run()
#15 /Users/hugoeguino/_ProyectoSOGA/_ProyectoSOGA/vendor/laravel/framework/src/Illuminate/Container/BoundMethod.php(32): call_user_func_array(Array, Array)
#16 /Users/hugoeguino/_ProyectoSOGA/_ProyectoSOGA/vendor/laravel/framework/src/Illuminate/Support/helpers.php(520): Illuminate\\Container\\BoundMethod::Illuminate\\Container\\{closure}()
#17 /Users/hugoeguino/_ProyectoSOGA/_ProyectoSOGA/vendor/laravel/framework/src/Illuminate/Container/BoundMethod.php(90): value(Object(Closure))
#18 /Users/hugoeguino/_ProyectoSOGA/_ProyectoSOGA/vendor/laravel/framework/src/Illuminate/Container/BoundMethod.php(34): Illuminate\\Container\\BoundMethod::callBoundMethod(Object(Illuminate\\Foundation\\Application), Array, Object(Closure))
#19 /Users/hugoeguino/_ProyectoSOGA/_ProyectoSOGA/vendor/laravel/framework/src/Illuminate/Container/Container.php(591): Illuminate\\Container\\BoundMethod::call(Object(Illuminate\\Foundation\\Application), Array, Array, NULL)
#20 /Users/hugoeguino/_ProyectoSOGA/_ProyectoSOGA/vendor/laravel/framework/src/Illuminate/Database/Seeder.php(134): Illuminate\\Container\\Container->call(Array)
#21 /Users/hugoeguino/_ProyectoSOGA/_ProyectoSOGA/vendor/laravel/framework/src/Illuminate/Database/Console/Seeds/SeedCommand.php(63): Illuminate\\Database\\Seeder->__invoke()
#22 /Users/hugoeguino/_ProyectoSOGA/_ProyectoSOGA/vendor/laravel/framework/src/Illuminate/Database/Eloquent/Concerns/GuardsAttributes.php(122): Illuminate\\Database\\Console\\Seeds\\SeedCommand->Illuminate\\Database\\Console\\Seeds\\{closure}()
#23 /Users/hugoeguino/_ProyectoSOGA/_ProyectoSOGA/vendor/laravel/framework/src/Illuminate/Database/Console/Seeds/SeedCommand.php(64): Illuminate\\Database\\Eloquent\\Model::unguarded(Object(Closure))
#24 [internal function]: Illuminate\\Database\\Console\\Seeds\\SeedCommand->handle()
#25 /Users/hugoeguino/_ProyectoSOGA/_ProyectoSOGA/vendor/laravel/framework/src/Illuminate/Container/BoundMethod.php(32): call_user_func_array(Array, Array)
#26 /Users/hugoeguino/_ProyectoSOGA/_ProyectoSOGA/vendor/laravel/framework/src/Illuminate/Support/helpers.php(520): Illuminate\\Container\\BoundMethod::Illuminate\\Container\\{closure}()
#27 /Users/hugoeguino/_ProyectoSOGA/_ProyectoSOGA/vendor/laravel/framework/src/Illuminate/Container/BoundMethod.php(90): value(Object(Closure))
#28 /Users/hugoeguino/_ProyectoSOGA/_ProyectoSOGA/vendor/laravel/framework/src/Illuminate/Container/BoundMethod.php(34): Illuminate\\Container\\BoundMethod::callBoundMethod(Object(Illuminate\\Foundation\\Application), Array, Object(Closure))
#29 /Users/hugoeguino/_ProyectoSOGA/_ProyectoSOGA/vendor/laravel/framework/src/Illuminate/Container/Container.php(591): Illuminate\\Container\\BoundMethod::call(Object(Illuminate\\Foundation\\Application), Array, Array, NULL)
#30 /Users/hugoeguino/_ProyectoSOGA/_ProyectoSOGA/vendor/laravel/framework/src/Illuminate/Console/Command.php(202): Illuminate\\Container\\Container->call(Array)
#31 /Users/hugoeguino/_ProyectoSOGA/_ProyectoSOGA/vendor/symfony/console/Command/Command.php(255): Illuminate\\Console\\Command->execute(Object(Symfony\\Component\\Console\\Input\\ArgvInput), Object(Illuminate\\Console\\OutputStyle))
#32 /Users/hugoeguino/_ProyectoSOGA/_ProyectoSOGA/vendor/laravel/framework/src/Illuminate/Console/Command.php(189): Symfony\\Component\\Console\\Command\\Command->run(Object(Symfony\\Component\\Console\\Input\\ArgvInput), Object(Illuminate\\Console\\OutputStyle))
#33 /Users/hugoeguino/_ProyectoSOGA/_ProyectoSOGA/vendor/symfony/console/Application.php(934): Illuminate\\Console\\Command->run(Object(Symfony\\Component\\Console\\Input\\ArgvInput), Object(Symfony\\Component\\Console\\Output\\ConsoleOutput))
#34 /Users/hugoeguino/_ProyectoSOGA/_ProyectoSOGA/vendor/symfony/console/Application.php(273): Symfony\\Component\\Console\\Application->doRunCommand(Object(Illuminate\\Database\\Console\\Seeds\\SeedCommand), Object(Symfony\\Component\\Console\\Input\\ArgvInput), Object(Symfony\\Component\\Console\\Output\\ConsoleOutput))
#35 /Users/hugoeguino/_ProyectoSOGA/_ProyectoSOGA/vendor/symfony/console/Application.php(149): Symfony\\Component\\Console\\Application->doRun(Object(Symfony\\Component\\Console\\Input\\ArgvInput), Object(Symfony\\Component\\Console\\Output\\ConsoleOutput))
#36 /Users/hugoeguino/_ProyectoSOGA/_ProyectoSOGA/vendor/laravel/framework/src/Illuminate/Console/Application.php(90): Symfony\\Component\\Console\\Application->run(Object(Symfony\\Component\\Console\\Input\\ArgvInput), Object(Symfony\\Component\\Console\\Output\\ConsoleOutput))
#37 /Users/hugoeguino/_ProyectoSOGA/_ProyectoSOGA/vendor/laravel/framework/src/Illuminate/Foundation/Console/Kernel.php(131): Illuminate\\Console\\Application->run(Object(Symfony\\Component\\Console\\Input\\ArgvInput), Object(Symfony\\Component\\Console\\Output\\ConsoleOutput))
#38 /Users/hugoeguino/_ProyectoSOGA/_ProyectoSOGA/artisan(37): Illuminate\\Foundation\\Console\\Kernel->handle(Object(Symfony\\Component\\Console\\Input\\ArgvInput), Object(Symfony\\Component\\Console\\Output\\ConsoleOutput))
#39 {main}

[previous exception] [object] (PDOException(code: 2002): SQLSTATE[HY000] [2002] Connection refused at /Users/hugoeguino/_ProyectoSOGA/_ProyectoSOGA/vendor/laravel/framework/src/Illuminate/Database/Connectors/Connector.php:70)
[stacktrace]
#0 /Users/hugoeguino/_ProyectoSOGA/_ProyectoSOGA/vendor/laravel/framework/src/Illuminate/Database/Connectors/Connector.php(70): PDO->__construct('mysql:host=127....', 'root', 'root', Array)
#1 /Users/hugoeguino/_ProyectoSOGA/_ProyectoSOGA/vendor/laravel/framework/src/Illuminate/Database/Connectors/Connector.php(46): Illuminate\\Database\\Connectors\\Connector->createPdoConnection('mysql:host=127....', 'root', 'root', Array)
#2 /Users/hugoeguino/_ProyectoSOGA/_ProyectoSOGA/vendor/laravel/framework/src/Illuminate/Database/Connectors/MySqlConnector.php(24): Illuminate\\Database\\Connectors\\Connector->createConnection('mysql:host=127....', Array, Array)
#3 /Users/hugoeguino/_ProyectoSOGA/_ProyectoSOGA/vendor/laravel/framework/src/Illuminate/Database/Connectors/ConnectionFactory.php(182): Illuminate\\Database\\Connectors\\MySqlConnector->connect(Array)
#4 [internal function]: Illuminate\\Database\\Connectors\\ConnectionFactory->Illuminate\\Database\\Connectors\\{closure}()
#5 /Users/hugoeguino/_ProyectoSOGA/_ProyectoSOGA/vendor/laravel/framework/src/Illuminate/Database/Connection.php(920): call_user_func(Object(Closure))
#6 /Users/hugoeguino/_ProyectoSOGA/_ProyectoSOGA/vendor/laravel/framework/src/Illuminate/Database/Connection.php(453): Illuminate\\Database\\Connection->getPdo()
#7 /Users/hugoeguino/_ProyectoSOGA/_ProyectoSOGA/vendor/laravel/framework/src/Illuminate/Database/Connection.php(658): Illuminate\\Database\\Connection->Illuminate\\Database\\{closure}('insert into `us...', Array)
#8 /Users/hugoeguino/_ProyectoSOGA/_ProyectoSOGA/vendor/laravel/framework/src/Illuminate/Database/Connection.php(625): Illuminate\\Database\\Connection->runQueryCallback('insert into `us...', Array, Object(Closure))
#9 /Users/hugoeguino/_ProyectoSOGA/_ProyectoSOGA/vendor/laravel/framework/src/Illuminate/Database/Connection.php(460): Illuminate\\Database\\Connection->run('insert into `us...', Array, Object(Closure))
#10 /Users/hugoeguino/_ProyectoSOGA/_ProyectoSOGA/vendor/laravel/framework/src/Illuminate/Database/Connection.php(412): Illuminate\\Database\\Connection->statement('insert into `us...', Array)
#11 /Users/hugoeguino/_ProyectoSOGA/_ProyectoSOGA/vendor/laravel/framework/src/Illuminate/Database/Query/Builder.php(2604): Illuminate\\Database\\Connection->insert('insert into `us...', Array)
#12 /Users/hugoeguino/_ProyectoSOGA/_ProyectoSOGA/database/seeds/UsersTableSeeder.php(19): Illuminate\\Database\\Query\\Builder->insert(Array)
#13 [internal function]: UsersTableSeeder->run()
#14 /Users/hugoeguino/_ProyectoSOGA/_ProyectoSOGA/vendor/laravel/framework/src/Illuminate/Container/BoundMethod.php(32): call_user_func_array(Array, Array)
#15 /Users/hugoeguino/_ProyectoSOGA/_ProyectoSOGA/vendor/laravel/framework/src/Illuminate/Support/helpers.php(520): Illuminate\\Container\\BoundMethod::Illuminate\\Container\\{closure}()
#16 /Users/hugoeguino/_ProyectoSOGA/_ProyectoSOGA/vendor/laravel/framework/src/Illuminate/Container/BoundMethod.php(90): value(Object(Closure))
#17 /Users/hugoeguino/_ProyectoSOGA/_ProyectoSOGA/vendor/laravel/framework/src/Illuminate/Container/BoundMethod.php(34): Illuminate\\Container\\BoundMethod::callBoundMethod(Object(Illuminate\\Foundation\\Application), Array, Object(Closure))
#18 /Users/hugoeguino/_ProyectoSOGA/_ProyectoSOGA/vendor/laravel/framework/src/Illuminate/Container/Container.php(591): Illuminate\\Container\\BoundMethod::call(Object(Illuminate\\Foundation\\Application), Array, Array, NULL)
#19 /Users/hugoeguino/_ProyectoSOGA/_ProyectoSOGA/vendor/laravel/framework/src/Illuminate/Database/Seeder.php(134): Illuminate\\Container\\Container->call(Array)
#20 /Users/hugoeguino/_ProyectoSOGA/_ProyectoSOGA/vendor/laravel/framework/src/Illuminate/Database/Seeder.php(48): Illuminate\\Database\\Seeder->__invoke()
#21 /Users/hugoeguino/_ProyectoSOGA/_ProyectoSOGA/database/seeds/DatabaseSeeder.php(14): Illuminate\\Database\\Seeder->call('UsersTableSeede...')
#22 [internal function]: DatabaseSeeder->run()
#23 /Users/hugoeguino/_ProyectoSOGA/_ProyectoSOGA/vendor/laravel/framework/src/Illuminate/Container/BoundMethod.php(32): call_user_func_array(Array, Array)
#24 /Users/hugoeguino/_ProyectoSOGA/_ProyectoSOGA/vendor/laravel/framework/src/Illuminate/Support/helpers.php(520): Illuminate\\Container\\BoundMethod::Illuminate\\Container\\{closure}()
#25 /Users/hugoeguino/_ProyectoSOGA/_ProyectoSOGA/vendor/laravel/framework/src/Illuminate/Container/BoundMethod.php(90): value(Object(Closure))
#26 /Users/hugoeguino/_ProyectoSOGA/_ProyectoSOGA/vendor/laravel/framework/src/Illuminate/Container/BoundMethod.php(34): Illuminate\\Container\\BoundMethod::callBoundMethod(Object(Illuminate\\Foundation\\Application), Array, Object(Closure))
#27 /Users/hugoeguino/_ProyectoSOGA/_ProyectoSOGA/vendor/laravel/framework/src/Illuminate/Container/Container.php(591): Illuminate\\Container\\BoundMethod::call(Object(Illuminate\\Foundation\\Application), Array, Array, NULL)
#28 /Users/hugoeguino/_ProyectoSOGA/_ProyectoSOGA/vendor/laravel/framework/src/Illuminate/Database/Seeder.php(134): Illuminate\\Container\\Container->call(Array)
#29 /Users/hugoeguino/_ProyectoSOGA/_ProyectoSOGA/vendor/laravel/framework/src/Illuminate/Database/Console/Seeds/SeedCommand.php(63): Illuminate\\Database\\Seeder->__invoke()
#30 /Users/hugoeguino/_ProyectoSOGA/_ProyectoSOGA/vendor/laravel/framework/src/Illuminate/Database/Eloquent/Concerns/GuardsAttributes.php(122): Illuminate\\Database\\Console\\Seeds\\SeedCommand->Illuminate\\Database\\Console\\Seeds\\{closure}()
#31 /Users/hugoeguino/_ProyectoSOGA/_ProyectoSOGA/vendor/laravel/framework/src/Illuminate/Database/Console/Seeds/SeedCommand.php(64): Illuminate\\Database\\Eloquent\\Model::unguarded(Object(Closure))
#32 [internal function]: Illuminate\\Database\\Console\\Seeds\\SeedCommand->handle()
#33 /Users/hugoeguino/_ProyectoSOGA/_ProyectoSOGA/vendor/laravel/framework/src/Illuminate/Container/BoundMethod.php(32): call_user_func_array(Array, Array)
#34 /Users/hugoeguino/_ProyectoSOGA/_ProyectoSOGA/vendor/laravel/framework/src/Illuminate/Support/helpers.php(520): Illuminate\\Container\\BoundMethod::Illuminate\\Container\\{closure}()
#35 /Users/hugoeguino/_ProyectoSOGA/_ProyectoSOGA/vendor/laravel/framework/src/Illuminate/Container/BoundMethod.php(90): value(Object(Closure))
#36 /Users/hugoeguino/_ProyectoSOGA/_ProyectoSOGA/vendor/laravel/framework/src/Illuminate/Container/BoundMethod.php(34): Illuminate\\Container\\BoundMethod::callBoundMethod(Object(Illuminate\\Foundation\\Application), Array, Object(Closure))
#37 /Users/hugoeguino/_ProyectoSOGA/_ProyectoSOGA/vendor/laravel/framework/src/Illuminate/Container/Container.php(591): Illuminate\\Container\\BoundMethod::call(Object(Illuminate\\Foundation\\Application), Array, Array, NULL)
#38 /Users/hugoeguino/_ProyectoSOGA/_ProyectoSOGA/vendor/laravel/framework/src/Illuminate/Console/Command.php(202): Illuminate\\Container\\Container->call(Array)
#39 /Users/hugoeguino/_ProyectoSOGA/_ProyectoSOGA/vendor/symfony/console/Command/Command.php(255): Illuminate\\Console\\Command->execute(Object(Symfony\\Component\\Console\\Input\\ArgvInput), Object(Illuminate\\Console\\OutputStyle))
#40 /Users/hugoeguino/_ProyectoSOGA/_ProyectoSOGA/vendor/laravel/framework/src/Illuminate/Console/Command.php(189): Symfony\\Component\\Console\\Command\\Command->run(Object(Symfony\\Component\\Console\\Input\\ArgvInput), Object(Illuminate\\Console\\OutputStyle))
#41 /Users/hugoeguino/_ProyectoSOGA/_ProyectoSOGA/vendor/symfony/console/Application.php(934): Illuminate\\Console\\Command->run(Object(Symfony\\Component\\Console\\Input\\ArgvInput), Object(Symfony\\Component\\Console\\Output\\ConsoleOutput))
#42 /Users/hugoeguino/_ProyectoSOGA/_ProyectoSOGA/vendor/symfony/console/Application.php(273): Symfony\\Component\\Console\\Application->doRunCommand(Object(Illuminate\\Database\\Console\\Seeds\\SeedCommand), Object(Symfony\\Component\\Console\\Input\\ArgvInput), Object(Symfony\\Component\\Console\\Output\\ConsoleOutput))
#43 /Users/hugoeguino/_ProyectoSOGA/_ProyectoSOGA/vendor/symfony/console/Application.php(149): Symfony\\Component\\Console\\Application->doRun(Object(Symfony\\Component\\Console\\Input\\ArgvInput), Object(Symfony\\Component\\Console\\Output\\ConsoleOutput))
#44 /Users/hugoeguino/_ProyectoSOGA/_ProyectoSOGA/vendor/laravel/framework/src/Illuminate/Console/Application.php(90): Symfony\\Component\\Console\\Application->run(Object(Symfony\\Component\\Console\\Input\\ArgvInput), Object(Symfony\\Component\\Console\\Output\\ConsoleOutput))
#45 /Users/hugoeguino/_ProyectoSOGA/_ProyectoSOGA/vendor/laravel/framework/src/Illuminate/Foundation/Console/Kernel.php(131): Illuminate\\Console\\Application->run(Object(Symfony\\Component\\Console\\Input\\ArgvInput), Object(Symfony\\Component\\Console\\Output\\ConsoleOutput))
#46 /Users/hugoeguino/_ProyectoSOGA/_ProyectoSOGA/artisan(37): Illuminate\\Foundation\\Console\\Kernel->handle(Object(Symfony\\Component\\Console\\Input\\ArgvInput), Object(Symfony\\Component\\Console\\Output\\ConsoleOutput))
#47 {main}
"} 
