[2019-11-06 01:23:22] local.ERROR: SQLSTATE[42S01]: Base table or view already exists: 1050 Table 'actividades' already exists (SQL: create table `actividades` (`id` bigint unsigned not null auto_increment primary key, `id_area` varchar(255) not null, `actividad` varchar(255) not null, `descripcion` varchar(255) not null, `archivos` varchar(255) not null, `created_at` timestamp null, `updated_at` timestamp null) default character set utf8mb4 collate 'utf8mb4_unicode_ci') {"exception":"[object] (Illuminate\\Database\\QueryException(code: 42S01): SQLSTATE[42S01]: Base table or view already exists: 1050 Table 'actividades' already exists (SQL: create table `actividades` (`id` bigint unsigned not null auto_increment primary key, `id_area` varchar(255) not null, `actividad` varchar(255) not null, `descripcion` varchar(255) not null, `archivos` varchar(255) not null, `created_at` timestamp null, `updated_at` timestamp null) default character set utf8mb4 collate 'utf8mb4_unicode_ci') at /Users/hugoeguino/_ProyectoSOGA/_ProyectoSOGA/vendor/laravel/framework/src/Illuminate/Database/Connection.php:665)
[stacktrace]
#0 /Users/hugoeguino/_ProyectoSOGA/_ProyectoSOGA/vendor/laravel/framework/src/Illuminate/Database/Connection.php(625): Illuminate\\Database\\Connection->runQueryCallback('create table `a...', Array, Object(Closure))
#1 /Users/hugoeguino/_ProyectoSOGA/_ProyectoSOGA/vendor/laravel/framework/src/Illuminate/Database/Connection.php(460): Illuminate\\Database\\Connection->run('create table `a...', Array, Object(Closure))
#2 /Users/hugoeguino/_ProyectoSOGA/_ProyectoSOGA/vendor/laravel/framework/src/Illuminate/Database/Schema/Blueprint.php(97): Illuminate\\Database\\Connection->statement('create table `a...')
#3 /Users/hugoeguino/_ProyectoSOGA/_ProyectoSOGA/vendor/laravel/framework/src/Illuminate/Database/Schema/Builder.php(290): Illuminate\\Database\\Schema\\Blueprint->build(Object(Illuminate\\Database\\MySqlConnection), Object(Illuminate\\Database\\Schema\\Grammars\\MySqlGrammar))
#4 /Users/hugoeguino/_ProyectoSOGA/_ProyectoSOGA/vendor/laravel/framework/src/Illuminate/Database/Schema/Builder.php(167): Illuminate\\Database\\Schema\\Builder->build(Object(Illuminate\\Database\\Schema\\Blueprint))
#5 /Users/hugoeguino/_ProyectoSOGA/_ProyectoSOGA/vendor/laravel/framework/src/Illuminate/Support/Facades/Facade.php(239): Illuminate\\Database\\Schema\\Builder->create('actividades', Object(Closure))
#6 /Users/hugoeguino/_ProyectoSOGA/_ProyectoSOGA/database/migrations/2019_11_05_011128_actividades_migracion.php(23): Illuminate\\Support\\Facades\\Facade::__callStatic('create', Array)
#7 /Users/hugoeguino/_ProyectoSOGA/_ProyectoSOGA/vendor/laravel/framework/src/Illuminate/Database/Migrations/Migrator.php(387): ActividadesMigracion->up()
#8 /Users/hugoeguino/_ProyectoSOGA/_ProyectoSOGA/vendor/laravel/framework/src/Illuminate/Database/Migrations/Migrator.php(396): Illuminate\\Database\\Migrations\\Migrator->Illuminate\\Database\\Migrations\\{closure}()
#9 /Users/hugoeguino/_ProyectoSOGA/_ProyectoSOGA/vendor/laravel/framework/src/Illuminate/Database/Migrations/Migrator.php(197): Illuminate\\Database\\Migrations\\Migrator->runMigration(Object(ActividadesMigracion), 'up')
#10 /Users/hugoeguino/_ProyectoSOGA/_ProyectoSOGA/vendor/laravel/framework/src/Illuminate/Database/Migrations/Migrator.php(162): Illuminate\\Database\\Migrations\\Migrator->runUp('/Users/hugoegui...', 2, false)
#11 /Users/hugoeguino/_ProyectoSOGA/_ProyectoSOGA/vendor/laravel/framework/src/Illuminate/Database/Migrations/Migrator.php(109): Illuminate\\Database\\Migrations\\Migrator->runPending(Array, Array)
#12 /Users/hugoeguino/_ProyectoSOGA/_ProyectoSOGA/vendor/laravel/framework/src/Illuminate/Database/Console/Migrations/MigrateCommand.php(71): Illuminate\\Database\\Migrations\\Migrator->run(Array, Array)
#13 [internal function]: Illuminate\\Database\\Console\\Migrations\\MigrateCommand->handle()
#14 /Users/hugoeguino/_ProyectoSOGA/_ProyectoSOGA/vendor/laravel/framework/src/Illuminate/Container/BoundMethod.php(32): call_user_func_array(Array, Array)
#15 /Users/hugoeguino/_ProyectoSOGA/_ProyectoSOGA/vendor/laravel/framework/src/Illuminate/Support/helpers.php(520): Illuminate\\Container\\BoundMethod::Illuminate\\Container\\{closure}()
#16 /Users/hugoeguino/_ProyectoSOGA/_ProyectoSOGA/vendor/laravel/framework/src/Illuminate/Container/BoundMethod.php(90): value(Object(Closure))
#17 /Users/hugoeguino/_ProyectoSOGA/_ProyectoSOGA/vendor/laravel/framework/src/Illuminate/Container/BoundMethod.php(34): Illuminate\\Container\\BoundMethod::callBoundMethod(Object(Illuminate\\Foundation\\Application), Array, Object(Closure))
#18 /Users/hugoeguino/_ProyectoSOGA/_ProyectoSOGA/vendor/laravel/framework/src/Illuminate/Container/Container.php(591): Illuminate\\Container\\BoundMethod::call(Object(Illuminate\\Foundation\\Application), Array, Array, NULL)
#19 /Users/hugoeguino/_ProyectoSOGA/_ProyectoSOGA/vendor/laravel/framework/src/Illuminate/Console/Command.php(202): Illuminate\\Container\\Container->call(Array)
#20 /Users/hugoeguino/_ProyectoSOGA/_ProyectoSOGA/vendor/symfony/console/Command/Command.php(255): Illuminate\\Console\\Command->execute(Object(Symfony\\Component\\Console\\Input\\ArgvInput), Object(Illuminate\\Console\\OutputStyle))
#21 /Users/hugoeguino/_ProyectoSOGA/_ProyectoSOGA/vendor/laravel/framework/src/Illuminate/Console/Command.php(189): Symfony\\Component\\Console\\Command\\Command->run(Object(Symfony\\Component\\Console\\Input\\ArgvInput), Object(Illuminate\\Console\\OutputStyle))
#22 /Users/hugoeguino/_ProyectoSOGA/_ProyectoSOGA/vendor/symfony/console/Application.php(934): Illuminate\\Console\\Command->run(Object(Symfony\\Component\\Console\\Input\\ArgvInput), Object(Symfony\\Component\\Console\\Output\\ConsoleOutput))
#23 /Users/hugoeguino/_ProyectoSOGA/_ProyectoSOGA/vendor/symfony/console/Application.php(273): Symfony\\Component\\Console\\Application->doRunCommand(Object(Illuminate\\Database\\Console\\Migrations\\MigrateCommand), Object(Symfony\\Component\\Console\\Input\\ArgvInput), Object(Symfony\\Component\\Console\\Output\\ConsoleOutput))
#24 /Users/hugoeguino/_ProyectoSOGA/_ProyectoSOGA/vendor/symfony/console/Application.php(149): Symfony\\Component\\Console\\Application->doRun(Object(Symfony\\Component\\Console\\Input\\ArgvInput), Object(Symfony\\Component\\Console\\Output\\ConsoleOutput))
#25 /Users/hugoeguino/_ProyectoSOGA/_ProyectoSOGA/vendor/laravel/framework/src/Illuminate/Console/Application.php(90): Symfony\\Component\\Console\\Application->run(Object(Symfony\\Component\\Console\\Input\\ArgvInput), Object(Symfony\\Component\\Console\\Output\\ConsoleOutput))
#26 /Users/hugoeguino/_ProyectoSOGA/_ProyectoSOGA/vendor/laravel/framework/src/Illuminate/Foundation/Console/Kernel.php(131): Illuminate\\Console\\Application->run(Object(Symfony\\Component\\Console\\Input\\ArgvInput), Object(Symfony\\Component\\Console\\Output\\ConsoleOutput))
#27 /Users/hugoeguino/_ProyectoSOGA/_ProyectoSOGA/artisan(37): Illuminate\\Foundation\\Console\\Kernel->handle(Object(Symfony\\Component\\Console\\Input\\ArgvInput), Object(Symfony\\Component\\Console\\Output\\ConsoleOutput))
#28 {main}

[previous exception] [object] (PDOException(code: 42S01): SQLSTATE[42S01]: Base table or view already exists: 1050 Table 'actividades' already exists at /Users/hugoeguino/_ProyectoSOGA/_ProyectoSOGA/vendor/laravel/framework/src/Illuminate/Database/Connection.php:459)
[stacktrace]
#0 /Users/hugoeguino/_ProyectoSOGA/_ProyectoSOGA/vendor/laravel/framework/src/Illuminate/Database/Connection.php(459): PDOStatement->execute()
#1 /Users/hugoeguino/_ProyectoSOGA/_ProyectoSOGA/vendor/laravel/framework/src/Illuminate/Database/Connection.php(658): Illuminate\\Database\\Connection->Illuminate\\Database\\{closure}('create table `a...', Array)
#2 /Users/hugoeguino/_ProyectoSOGA/_ProyectoSOGA/vendor/laravel/framework/src/Illuminate/Database/Connection.php(625): Illuminate\\Database\\Connection->runQueryCallback('create table `a...', Array, Object(Closure))
#3 /Users/hugoeguino/_ProyectoSOGA/_ProyectoSOGA/vendor/laravel/framework/src/Illuminate/Database/Connection.php(460): Illuminate\\Database\\Connection->run('create table `a...', Array, Object(Closure))
#4 /Users/hugoeguino/_ProyectoSOGA/_ProyectoSOGA/vendor/laravel/framework/src/Illuminate/Database/Schema/Blueprint.php(97): Illuminate\\Database\\Connection->statement('create table `a...')
#5 /Users/hugoeguino/_ProyectoSOGA/_ProyectoSOGA/vendor/laravel/framework/src/Illuminate/Database/Schema/Builder.php(290): Illuminate\\Database\\Schema\\Blueprint->build(Object(Illuminate\\Database\\MySqlConnection), Object(Illuminate\\Database\\Schema\\Grammars\\MySqlGrammar))
#6 /Users/hugoeguino/_ProyectoSOGA/_ProyectoSOGA/vendor/laravel/framework/src/Illuminate/Database/Schema/Builder.php(167): Illuminate\\Database\\Schema\\Builder->build(Object(Illuminate\\Database\\Schema\\Blueprint))
#7 /Users/hugoeguino/_ProyectoSOGA/_ProyectoSOGA/vendor/laravel/framework/src/Illuminate/Support/Facades/Facade.php(239): Illuminate\\Database\\Schema\\Builder->create('actividades', Object(Closure))
#8 /Users/hugoeguino/_ProyectoSOGA/_ProyectoSOGA/database/migrations/2019_11_05_011128_actividades_migracion.php(23): Illuminate\\Support\\Facades\\Facade::__callStatic('create', Array)
#9 /Users/hugoeguino/_ProyectoSOGA/_ProyectoSOGA/vendor/laravel/framework/src/Illuminate/Database/Migrations/Migrator.php(387): ActividadesMigracion->up()
#10 /Users/hugoeguino/_ProyectoSOGA/_ProyectoSOGA/vendor/laravel/framework/src/Illuminate/Database/Migrations/Migrator.php(396): Illuminate\\Database\\Migrations\\Migrator->Illuminate\\Database\\Migrations\\{closure}()
#11 /Users/hugoeguino/_ProyectoSOGA/_ProyectoSOGA/vendor/laravel/framework/src/Illuminate/Database/Migrations/Migrator.php(197): Illuminate\\Database\\Migrations\\Migrator->runMigration(Object(ActividadesMigracion), 'up')
#12 /Users/hugoeguino/_ProyectoSOGA/_ProyectoSOGA/vendor/laravel/framework/src/Illuminate/Database/Migrations/Migrator.php(162): Illuminate\\Database\\Migrations\\Migrator->runUp('/Users/hugoegui...', 2, false)
#13 /Users/hugoeguino/_ProyectoSOGA/_ProyectoSOGA/vendor/laravel/framework/src/Illuminate/Database/Migrations/Migrator.php(109): Illuminate\\Database\\Migrations\\Migrator->runPending(Array, Array)
#14 /Users/hugoeguino/_ProyectoSOGA/_ProyectoSOGA/vendor/laravel/framework/src/Illuminate/Database/Console/Migrations/MigrateCommand.php(71): Illuminate\\Database\\Migrations\\Migrator->run(Array, Array)
#15 [internal function]: Illuminate\\Database\\Console\\Migrations\\MigrateCommand->handle()
#16 /Users/hugoeguino/_ProyectoSOGA/_ProyectoSOGA/vendor/laravel/framework/src/Illuminate/Container/BoundMethod.php(32): call_user_func_array(Array, Array)
#17 /Users/hugoeguino/_ProyectoSOGA/_ProyectoSOGA/vendor/laravel/framework/src/Illuminate/Support/helpers.php(520): Illuminate\\Container\\BoundMethod::Illuminate\\Container\\{closure}()
#18 /Users/hugoeguino/_ProyectoSOGA/_ProyectoSOGA/vendor/laravel/framework/src/Illuminate/Container/BoundMethod.php(90): value(Object(Closure))
#19 /Users/hugoeguino/_ProyectoSOGA/_ProyectoSOGA/vendor/laravel/framework/src/Illuminate/Container/BoundMethod.php(34): Illuminate\\Container\\BoundMethod::callBoundMethod(Object(Illuminate\\Foundation\\Application), Array, Object(Closure))
#20 /Users/hugoeguino/_ProyectoSOGA/_ProyectoSOGA/vendor/laravel/framework/src/Illuminate/Container/Container.php(591): Illuminate\\Container\\BoundMethod::call(Object(Illuminate\\Foundation\\Application), Array, Array, NULL)
#21 /Users/hugoeguino/_ProyectoSOGA/_ProyectoSOGA/vendor/laravel/framework/src/Illuminate/Console/Command.php(202): Illuminate\\Container\\Container->call(Array)
#22 /Users/hugoeguino/_ProyectoSOGA/_ProyectoSOGA/vendor/symfony/console/Command/Command.php(255): Illuminate\\Console\\Command->execute(Object(Symfony\\Component\\Console\\Input\\ArgvInput), Object(Illuminate\\Console\\OutputStyle))
#23 /Users/hugoeguino/_ProyectoSOGA/_ProyectoSOGA/vendor/laravel/framework/src/Illuminate/Console/Command.php(189): Symfony\\Component\\Console\\Command\\Command->run(Object(Symfony\\Component\\Console\\Input\\ArgvInput), Object(Illuminate\\Console\\OutputStyle))
#24 /Users/hugoeguino/_ProyectoSOGA/_ProyectoSOGA/vendor/symfony/console/Application.php(934): Illuminate\\Console\\Command->run(Object(Symfony\\Component\\Console\\Input\\ArgvInput), Object(Symfony\\Component\\Console\\Output\\ConsoleOutput))
#25 /Users/hugoeguino/_ProyectoSOGA/_ProyectoSOGA/vendor/symfony/console/Application.php(273): Symfony\\Component\\Console\\Application->doRunCommand(Object(Illuminate\\Database\\Console\\Migrations\\MigrateCommand), Object(Symfony\\Component\\Console\\Input\\ArgvInput), Object(Symfony\\Component\\Console\\Output\\ConsoleOutput))
#26 /Users/hugoeguino/_ProyectoSOGA/_ProyectoSOGA/vendor/symfony/console/Application.php(149): Symfony\\Component\\Console\\Application->doRun(Object(Symfony\\Component\\Console\\Input\\ArgvInput), Object(Symfony\\Component\\Console\\Output\\ConsoleOutput))
#27 /Users/hugoeguino/_ProyectoSOGA/_ProyectoSOGA/vendor/laravel/framework/src/Illuminate/Console/Application.php(90): Symfony\\Component\\Console\\Application->run(Object(Symfony\\Component\\Console\\Input\\ArgvInput), Object(Symfony\\Component\\Console\\Output\\ConsoleOutput))
#28 /Users/hugoeguino/_ProyectoSOGA/_ProyectoSOGA/vendor/laravel/framework/src/Illuminate/Foundation/Console/Kernel.php(131): Illuminate\\Console\\Application->run(Object(Symfony\\Component\\Console\\Input\\ArgvInput), Object(Symfony\\Component\\Console\\Output\\ConsoleOutput))
#29 /Users/hugoeguino/_ProyectoSOGA/_ProyectoSOGA/artisan(37): Illuminate\\Foundation\\Console\\Kernel->handle(Object(Symfony\\Component\\Console\\Input\\ArgvInput), Object(Symfony\\Component\\Console\\Output\\ConsoleOutput))
#30 {main}
"} 
[2019-11-06 01:25:03] local.ERROR: Undefined variable: name {"exception":"[object] (ErrorException(code: 0): Undefined variable: name at /Users/hugoeguino/_ProyectoSOGA/_ProyectoSOGA/app/Http/Controllers/HomeController.php:62)
[stacktrace]
#0 /Users/hugoeguino/_ProyectoSOGA/_ProyectoSOGA/app/Http/Controllers/HomeController.php(62): Illuminate\\Foundation\\Bootstrap\\HandleExceptions->handleError(8, 'Undefined varia...', '/Users/hugoegui...', 62, Array)
#1 [internal function]: App\\Http\\Controllers\\HomeController->subActividades(Object(Illuminate\\Http\\Request))
#2 /Users/hugoeguino/_ProyectoSOGA/_ProyectoSOGA/vendor/laravel/framework/src/Illuminate/Routing/Controller.php(54): call_user_func_array(Array, Array)
#3 /Users/hugoeguino/_ProyectoSOGA/_ProyectoSOGA/vendor/laravel/framework/src/Illuminate/Routing/ControllerDispatcher.php(45): Illuminate\\Routing\\Controller->callAction('subActividades', Array)
#4 /Users/hugoeguino/_ProyectoSOGA/_ProyectoSOGA/vendor/laravel/framework/src/Illuminate/Routing/Route.php(219): Illuminate\\Routing\\ControllerDispatcher->dispatch(Object(Illuminate\\Routing\\Route), Object(App\\Http\\Controllers\\HomeController), 'subActividades')
#5 /Users/hugoeguino/_ProyectoSOGA/_ProyectoSOGA/vendor/laravel/framework/src/Illuminate/Routing/Route.php(176): Illuminate\\Routing\\Route->runController()
#6 /Users/hugoeguino/_ProyectoSOGA/_ProyectoSOGA/vendor/laravel/framework/src/Illuminate/Routing/Router.php(680): Illuminate\\Routing\\Route->run()
#7 /Users/hugoeguino/_ProyectoSOGA/_ProyectoSOGA/vendor/laravel/framework/src/Illuminate/Pipeline/Pipeline.php(130): Illuminate\\Routing\\Router->Illuminate\\Routing\\{closure}(Object(Illuminate\\Http\\Request))
#8 /Users/hugoeguino/_ProyectoSOGA/_ProyectoSOGA/vendor/laravel/framework/src/Illuminate/Routing/Middleware/SubstituteBindings.php(41): Illuminate\\Pipeline\\Pipeline->Illuminate\\Pipeline\\{closure}(Object(Illuminate\\Http\\Request))
#9 /Users/hugoeguino/_ProyectoSOGA/_ProyectoSOGA/vendor/laravel/framework/src/Illuminate/Pipeline/Pipeline.php(171): Illuminate\\Routing\\Middleware\\SubstituteBindings->handle(Object(Illuminate\\Http\\Request), Object(Closure))
#10 /Users/hugoeguino/_ProyectoSOGA/_ProyectoSOGA/vendor/laravel/framework/src/Illuminate/Foundation/Http/Middleware/VerifyCsrfToken.php(76): Illuminate\\Pipeline\\Pipeline->Illuminate\\Pipeline\\{closure}(Object(Illuminate\\Http\\Request))
#11 /Users/hugoeguino/_ProyectoSOGA/_ProyectoSOGA/vendor/laravel/framework/src/Illuminate/Pipeline/Pipeline.php(171): Illuminate\\Foundation\\Http\\Middleware\\VerifyCsrfToken->handle(Object(Illuminate\\Http\\Request), Object(Closure))
#12 /Users/hugoeguino/_ProyectoSOGA/_ProyectoSOGA/vendor/laravel/framework/src/Illuminate/View/Middleware/ShareErrorsFromSession.php(49): Illuminate\\Pipeline\\Pipeline->Illuminate\\Pipeline\\{closure}(Object(Illuminate\\Http\\Request))
#13 /Users/hugoeguino/_ProyectoSOGA/_ProyectoSOGA/vendor/laravel/framework/src/Illuminate/Pipeline/Pipeline.php(171): Illuminate\\View\\Middleware\\ShareErrorsFromSession->handle(Object(Illuminate\\Http\\Request), Object(Closure))
#14 /Users/hugoeguino/_ProyectoSOGA/_ProyectoSOGA/vendor/laravel/framework/src/Illuminate/Session/Middleware/StartSession.php(56): Illuminate\\Pipeline\\Pipeline->Illuminate\\Pipeline\\{closure}(Object(Illuminate\\Http\\Request))
#15 /Users/hugoeguino/_ProyectoSOGA/_ProyectoSOGA/vendor/laravel/framework/src/Illuminate/Pipeline/Pipeline.php(171): Illuminate\\Session\\Middleware\\StartSession->handle(Object(Illuminate\\Http\\Request), Object(Closure))
#16 /Users/hugoeguino/_ProyectoSOGA/_ProyectoSOGA/vendor/laravel/framework/src/Illuminate/Cookie/Middleware/AddQueuedCookiesToResponse.php(37): Illuminate\\Pipeline\\Pipeline->Illuminate\\Pipeline\\{closure}(Object(Illuminate\\Http\\Request))
#17 /Users/hugoeguino/_ProyectoSOGA/_ProyectoSOGA/vendor/laravel/framework/src/Illuminate/Pipeline/Pipeline.php(171): Illuminate\\Cookie\\Middleware\\AddQueuedCookiesToResponse->handle(Object(Illuminate\\Http\\Request), Object(Closure))
#18 /Users/hugoeguino/_ProyectoSOGA/_ProyectoSOGA/vendor/laravel/framework/src/Illuminate/Cookie/Middleware/EncryptCookies.php(66): Illuminate\\Pipeline\\Pipeline->Illuminate\\Pipeline\\{closure}(Object(Illuminate\\Http\\Request))
#19 /Users/hugoeguino/_ProyectoSOGA/_ProyectoSOGA/vendor/laravel/framework/src/Illuminate/Pipeline/Pipeline.php(171): Illuminate\\Cookie\\Middleware\\EncryptCookies->handle(Object(Illuminate\\Http\\Request), Object(Closure))
#20 /Users/hugoeguino/_ProyectoSOGA/_ProyectoSOGA/vendor/laravel/framework/src/Illuminate/Pipeline/Pipeline.php(105): Illuminate\\Pipeline\\Pipeline->Illuminate\\Pipeline\\{closure}(Object(Illuminate\\Http\\Request))
#21 /Users/hugoeguino/_ProyectoSOGA/_ProyectoSOGA/vendor/laravel/framework/src/Illuminate/Routing/Router.php(682): Illuminate\\Pipeline\\Pipeline->then(Object(Closure))
#22 /Users/hugoeguino/_ProyectoSOGA/_ProyectoSOGA/vendor/laravel/framework/src/Illuminate/Routing/Router.php(657): Illuminate\\Routing\\Router->runRouteWithinStack(Object(Illuminate\\Routing\\Route), Object(Illuminate\\Http\\Request))
#23 /Users/hugoeguino/_ProyectoSOGA/_ProyectoSOGA/vendor/laravel/framework/src/Illuminate/Routing/Router.php(623): Illuminate\\Routing\\Router->runRoute(Object(Illuminate\\Http\\Request), Object(Illuminate\\Routing\\Route))
#24 /Users/hugoeguino/_ProyectoSOGA/_ProyectoSOGA/vendor/laravel/framework/src/Illuminate/Routing/Router.php(612): Illuminate\\Routing\\Router->dispatchToRoute(Object(Illuminate\\Http\\Request))
#25 /Users/hugoeguino/_ProyectoSOGA/_ProyectoSOGA/vendor/laravel/framework/src/Illuminate/Foundation/Http/Kernel.php(176): Illuminate\\Routing\\Router->dispatch(Object(Illuminate\\Http\\Request))
#26 /Users/hugoeguino/_ProyectoSOGA/_ProyectoSOGA/vendor/laravel/framework/src/Illuminate/Pipeline/Pipeline.php(130): Illuminate\\Foundation\\Http\\Kernel->Illuminate\\Foundation\\Http\\{closure}(Object(Illuminate\\Http\\Request))
#27 /Users/hugoeguino/_ProyectoSOGA/_ProyectoSOGA/vendor/laravel/framework/src/Illuminate/Foundation/Http/Middleware/TransformsRequest.php(21): Illuminate\\Pipeline\\Pipeline->Illuminate\\Pipeline\\{closure}(Object(Illuminate\\Http\\Request))
#28 /Users/hugoeguino/_ProyectoSOGA/_ProyectoSOGA/vendor/laravel/framework/src/Illuminate/Pipeline/Pipeline.php(171): Illuminate\\Foundation\\Http\\Middleware\\TransformsRequest->handle(Object(Illuminate\\Http\\Request), Object(Closure))
#29 /Users/hugoeguino/_ProyectoSOGA/_ProyectoSOGA/vendor/laravel/framework/src/Illuminate/Foundation/Http/Middleware/TransformsRequest.php(21): Illuminate\\Pipeline\\Pipeline->Illuminate\\Pipeline\\{closure}(Object(Illuminate\\Http\\Request))
#30 /Users/hugoeguino/_ProyectoSOGA/_ProyectoSOGA/vendor/laravel/framework/src/Illuminate/Pipeline/Pipeline.php(171): Illuminate\\Foundation\\Http\\Middleware\\TransformsRequest->handle(Object(Illuminate\\Http\\Request), Object(Closure))
#31 /Users/hugoeguino/_ProyectoSOGA/_ProyectoSOGA/vendor/laravel/framework/src/Illuminate/Foundation/Http/Middleware/ValidatePostSize.php(27): Illuminate\\Pipeline\\Pipeline->Illuminate\\Pipeline\\{closure}(Object(Illuminate\\Http\\Request))
#32 /Users/hugoeguino/_ProyectoSOGA/_ProyectoSOGA/vendor/laravel/framework/src/Illuminate/Pipeline/Pipeline.php(171): Illuminate\\Foundation\\Http\\Middleware\\ValidatePostSize->handle(Object(Illuminate\\Http\\Request), Object(Closure))
#33 /Users/hugoeguino/_ProyectoSOGA/_ProyectoSOGA/vendor/laravel/framework/src/Illuminate/Foundation/Http/Middleware/CheckForMaintenanceMode.php(62): Illuminate\\Pipeline\\Pipeline->Illuminate\\Pipeline\\{closure}(Object(Illuminate\\Http\\Request))
#34 /Users/hugoeguino/_ProyectoSOGA/_ProyectoSOGA/vendor/laravel/framework/src/Illuminate/Pipeline/Pipeline.php(171): Illuminate\\Foundation\\Http\\Middleware\\CheckForMaintenanceMode->handle(Object(Illuminate\\Http\\Request), Object(Closure))
#35 /Users/hugoeguino/_ProyectoSOGA/_ProyectoSOGA/vendor/fideloper/proxy/src/TrustProxies.php(57): Illuminate\\Pipeline\\Pipeline->Illuminate\\Pipeline\\{closure}(Object(Illuminate\\Http\\Request))
#36 /Users/hugoeguino/_ProyectoSOGA/_ProyectoSOGA/vendor/laravel/framework/src/Illuminate/Pipeline/Pipeline.php(171): Fideloper\\Proxy\\TrustProxies->handle(Object(Illuminate\\Http\\Request), Object(Closure))
#37 /Users/hugoeguino/_ProyectoSOGA/_ProyectoSOGA/vendor/laravel/framework/src/Illuminate/Pipeline/Pipeline.php(105): Illuminate\\Pipeline\\Pipeline->Illuminate\\Pipeline\\{closure}(Object(Illuminate\\Http\\Request))
#38 /Users/hugoeguino/_ProyectoSOGA/_ProyectoSOGA/vendor/laravel/framework/src/Illuminate/Foundation/Http/Kernel.php(151): Illuminate\\Pipeline\\Pipeline->then(Object(Closure))
#39 /Users/hugoeguino/_ProyectoSOGA/_ProyectoSOGA/vendor/laravel/framework/src/Illuminate/Foundation/Http/Kernel.php(116): Illuminate\\Foundation\\Http\\Kernel->sendRequestThroughRouter(Object(Illuminate\\Http\\Request))
#40 /Users/hugoeguino/_ProyectoSOGA/_ProyectoSOGA/public/index.php(55): Illuminate\\Foundation\\Http\\Kernel->handle(Object(Illuminate\\Http\\Request))
#41 /Users/hugoeguino/_ProyectoSOGA/_ProyectoSOGA/server.php(21): require_once('/Users/hugoegui...')
#42 {main}
"} 
