[2019-11-08 00:00:20] local.ERROR: Target class [/register] does not exist. {"exception":"[object] (Illuminate\\Contracts\\Container\\BindingResolutionException(code: 0): Target class [/register] does not exist. at /Users/hugoeguino/_ProyectoSOGA/_ProyectoSOGA/vendor/laravel/framework/src/Illuminate/Container/Container.php:806)
[stacktrace]
#0 /Users/hugoeguino/_ProyectoSOGA/_ProyectoSOGA/vendor/laravel/framework/src/Illuminate/Container/Container.php(682): Illuminate\\Container\\Container->build('/register')
#1 /Users/hugoeguino/_ProyectoSOGA/_ProyectoSOGA/vendor/laravel/framework/src/Illuminate/Container/Container.php(630): Illuminate\\Container\\Container->resolve('/register', Array)
#2 /Users/hugoeguino/_ProyectoSOGA/_ProyectoSOGA/vendor/laravel/framework/src/Illuminate/Foundation/Application.php(768): Illuminate\\Container\\Container->make('/register', Array)
#3 /Users/hugoeguino/_ProyectoSOGA/_ProyectoSOGA/vendor/laravel/framework/src/Illuminate/Pipeline/Pipeline.php(160): Illuminate\\Foundation\\Application->make('/register')
#4 /Users/hugoeguino/_ProyectoSOGA/_ProyectoSOGA/vendor/laravel/framework/src/Illuminate/Routing/Middleware/SubstituteBindings.php(41): Illuminate\\Pipeline\\Pipeline->Illuminate\\Pipeline\\{closure}(Object(Illuminate\\Http\\Request))
#5 /Users/hugoeguino/_ProyectoSOGA/_ProyectoSOGA/vendor/laravel/framework/src/Illuminate/Pipeline/Pipeline.php(171): Illuminate\\Routing\\Middleware\\SubstituteBindings->handle(Object(Illuminate\\Http\\Request), Object(Closure))
#6 /Users/hugoeguino/_ProyectoSOGA/_ProyectoSOGA/vendor/laravel/framework/src/Illuminate/Foundation/Http/Middleware/VerifyCsrfToken.php(76): Illuminate\\Pipeline\\Pipeline->Illuminate\\Pipeline\\{closure}(Object(Illuminate\\Http\\Request))
#7 /Users/hugoeguino/_ProyectoSOGA/_ProyectoSOGA/vendor/laravel/framework/src/Illuminate/Pipeline/Pipeline.php(171): Illuminate\\Foundation\\Http\\Middleware\\VerifyCsrfToken->handle(Object(Illuminate\\Http\\Request), Object(Closure))
#8 /Users/hugoeguino/_ProyectoSOGA/_ProyectoSOGA/vendor/laravel/framework/src/Illuminate/View/Middleware/ShareErrorsFromSession.php(49): Illuminate\\Pipeline\\Pipeline->Illuminate\\Pipeline\\{closure}(Object(Illuminate\\Http\\Request))
#9 /Users/hugoeguino/_ProyectoSOGA/_ProyectoSOGA/vendor/laravel/framework/src/Illuminate/Pipeline/Pipeline.php(171): Illuminate\\View\\Middleware\\ShareErrorsFromSession->handle(Object(Illuminate\\Http\\Request), Object(Closure))
#10 /Users/hugoeguino/_ProyectoSOGA/_ProyectoSOGA/vendor/laravel/framework/src/Illuminate/Session/Middleware/StartSession.php(56): Illuminate\\Pipeline\\Pipeline->Illuminate\\Pipeline\\{closure}(Object(Illuminate\\Http\\Request))
#11 /Users/hugoeguino/_ProyectoSOGA/_ProyectoSOGA/vendor/laravel/framework/src/Illuminate/Pipeline/Pipeline.php(171): Illuminate\\Session\\Middleware\\StartSession->handle(Object(Illuminate\\Http\\Request), Object(Closure))
#12 /Users/hugoeguino/_ProyectoSOGA/_ProyectoSOGA/vendor/laravel/framework/src/Illuminate/Cookie/Middleware/AddQueuedCookiesToResponse.php(37): Illuminate\\Pipeline\\Pipeline->Illuminate\\Pipeline\\{closure}(Object(Illuminate\\Http\\Request))
#13 /Users/hugoeguino/_ProyectoSOGA/_ProyectoSOGA/vendor/laravel/framework/src/Illuminate/Pipeline/Pipeline.php(171): Illuminate\\Cookie\\Middleware\\AddQueuedCookiesToResponse->handle(Object(Illuminate\\Http\\Request), Object(Closure))
#14 /Users/hugoeguino/_ProyectoSOGA/_ProyectoSOGA/vendor/laravel/framework/src/Illuminate/Cookie/Middleware/EncryptCookies.php(66): Illuminate\\Pipeline\\Pipeline->Illuminate\\Pipeline\\{closure}(Object(Illuminate\\Http\\Request))
#15 /Users/hugoeguino/_ProyectoSOGA/_ProyectoSOGA/vendor/laravel/framework/src/Illuminate/Pipeline/Pipeline.php(171): Illuminate\\Cookie\\Middleware\\EncryptCookies->handle(Object(Illuminate\\Http\\Request), Object(Closure))
#16 /Users/hugoeguino/_ProyectoSOGA/_ProyectoSOGA/vendor/laravel/framework/src/Illuminate/Pipeline/Pipeline.php(105): Illuminate\\Pipeline\\Pipeline->Illuminate\\Pipeline\\{closure}(Object(Illuminate\\Http\\Request))
#17 /Users/hugoeguino/_ProyectoSOGA/_ProyectoSOGA/vendor/laravel/framework/src/Illuminate/Routing/Router.php(682): Illuminate\\Pipeline\\Pipeline->then(Object(Closure))
#18 /Users/hugoeguino/_ProyectoSOGA/_ProyectoSOGA/vendor/laravel/framework/src/Illuminate/Routing/Router.php(657): Illuminate\\Routing\\Router->runRouteWithinStack(Object(Illuminate\\Routing\\Route), Object(Illuminate\\Http\\Request))
#19 /Users/hugoeguino/_ProyectoSOGA/_ProyectoSOGA/vendor/laravel/framework/src/Illuminate/Routing/Router.php(623): Illuminate\\Routing\\Router->runRoute(Object(Illuminate\\Http\\Request), Object(Illuminate\\Routing\\Route))
#20 /Users/hugoeguino/_ProyectoSOGA/_ProyectoSOGA/vendor/laravel/framework/src/Illuminate/Routing/Router.php(612): Illuminate\\Routing\\Router->dispatchToRoute(Object(Illuminate\\Http\\Request))
#21 /Users/hugoeguino/_ProyectoSOGA/_ProyectoSOGA/vendor/laravel/framework/src/Illuminate/Foundation/Http/Kernel.php(176): Illuminate\\Routing\\Router->dispatch(Object(Illuminate\\Http\\Request))
#22 /Users/hugoeguino/_ProyectoSOGA/_ProyectoSOGA/vendor/laravel/framework/src/Illuminate/Pipeline/Pipeline.php(130): Illuminate\\Foundation\\Http\\Kernel->Illuminate\\Foundation\\Http\\{closure}(Object(Illuminate\\Http\\Request))
#23 /Users/hugoeguino/_ProyectoSOGA/_ProyectoSOGA/vendor/laravel/framework/src/Illuminate/Foundation/Http/Middleware/TransformsRequest.php(21): Illuminate\\Pipeline\\Pipeline->Illuminate\\Pipeline\\{closure}(Object(Illuminate\\Http\\Request))
#24 /Users/hugoeguino/_ProyectoSOGA/_ProyectoSOGA/vendor/laravel/framework/src/Illuminate/Pipeline/Pipeline.php(171): Illuminate\\Foundation\\Http\\Middleware\\TransformsRequest->handle(Object(Illuminate\\Http\\Request), Object(Closure))
#25 /Users/hugoeguino/_ProyectoSOGA/_ProyectoSOGA/vendor/laravel/framework/src/Illuminate/Foundation/Http/Middleware/TransformsRequest.php(21): Illuminate\\Pipeline\\Pipeline->Illuminate\\Pipeline\\{closure}(Object(Illuminate\\Http\\Request))
#26 /Users/hugoeguino/_ProyectoSOGA/_ProyectoSOGA/vendor/laravel/framework/src/Illuminate/Pipeline/Pipeline.php(171): Illuminate\\Foundation\\Http\\Middleware\\TransformsRequest->handle(Object(Illuminate\\Http\\Request), Object(Closure))
#27 /Users/hugoeguino/_ProyectoSOGA/_ProyectoSOGA/vendor/laravel/framework/src/Illuminate/Foundation/Http/Middleware/ValidatePostSize.php(27): Illuminate\\Pipeline\\Pipeline->Illuminate\\Pipeline\\{closure}(Object(Illuminate\\Http\\Request))
#28 /Users/hugoeguino/_ProyectoSOGA/_ProyectoSOGA/vendor/laravel/framework/src/Illuminate/Pipeline/Pipeline.php(171): Illuminate\\Foundation\\Http\\Middleware\\ValidatePostSize->handle(Object(Illuminate\\Http\\Request), Object(Closure))
#29 /Users/hugoeguino/_ProyectoSOGA/_ProyectoSOGA/vendor/laravel/framework/src/Illuminate/Foundation/Http/Middleware/CheckForMaintenanceMode.php(62): Illuminate\\Pipeline\\Pipeline->Illuminate\\Pipeline\\{closure}(Object(Illuminate\\Http\\Request))
#30 /Users/hugoeguino/_ProyectoSOGA/_ProyectoSOGA/vendor/laravel/framework/src/Illuminate/Pipeline/Pipeline.php(171): Illuminate\\Foundation\\Http\\Middleware\\CheckForMaintenanceMode->handle(Object(Illuminate\\Http\\Request), Object(Closure))
#31 /Users/hugoeguino/_ProyectoSOGA/_ProyectoSOGA/vendor/fideloper/proxy/src/TrustProxies.php(57): Illuminate\\Pipeline\\Pipeline->Illuminate\\Pipeline\\{closure}(Object(Illuminate\\Http\\Request))
#32 /Users/hugoeguino/_ProyectoSOGA/_ProyectoSOGA/vendor/laravel/framework/src/Illuminate/Pipeline/Pipeline.php(171): Fideloper\\Proxy\\TrustProxies->handle(Object(Illuminate\\Http\\Request), Object(Closure))
#33 /Users/hugoeguino/_ProyectoSOGA/_ProyectoSOGA/vendor/laravel/framework/src/Illuminate/Pipeline/Pipeline.php(105): Illuminate\\Pipeline\\Pipeline->Illuminate\\Pipeline\\{closure}(Object(Illuminate\\Http\\Request))
#34 /Users/hugoeguino/_ProyectoSOGA/_ProyectoSOGA/vendor/laravel/framework/src/Illuminate/Foundation/Http/Kernel.php(151): Illuminate\\Pipeline\\Pipeline->then(Object(Closure))
#35 /Users/hugoeguino/_ProyectoSOGA/_ProyectoSOGA/vendor/laravel/framework/src/Illuminate/Foundation/Http/Kernel.php(116): Illuminate\\Foundation\\Http\\Kernel->sendRequestThroughRouter(Object(Illuminate\\Http\\Request))
#36 /Users/hugoeguino/_ProyectoSOGA/_ProyectoSOGA/public/index.php(55): Illuminate\\Foundation\\Http\\Kernel->handle(Object(Illuminate\\Http\\Request))
#37 /Users/hugoeguino/_ProyectoSOGA/_ProyectoSOGA/server.php(21): require_once('/Users/hugoegui...')
#38 {main}

[previous exception] [object] (ReflectionException(code: -1): Class /register does not exist at /Users/hugoeguino/_ProyectoSOGA/_ProyectoSOGA/vendor/laravel/framework/src/Illuminate/Container/Container.php:804)
[stacktrace]
#0 /Users/hugoeguino/_ProyectoSOGA/_ProyectoSOGA/vendor/laravel/framework/src/Illuminate/Container/Container.php(804): ReflectionClass->__construct('/register')
#1 /Users/hugoeguino/_ProyectoSOGA/_ProyectoSOGA/vendor/laravel/framework/src/Illuminate/Container/Container.php(682): Illuminate\\Container\\Container->build('/register')
#2 /Users/hugoeguino/_ProyectoSOGA/_ProyectoSOGA/vendor/laravel/framework/src/Illuminate/Container/Container.php(630): Illuminate\\Container\\Container->resolve('/register', Array)
#3 /Users/hugoeguino/_ProyectoSOGA/_ProyectoSOGA/vendor/laravel/framework/src/Illuminate/Foundation/Application.php(768): Illuminate\\Container\\Container->make('/register', Array)
#4 /Users/hugoeguino/_ProyectoSOGA/_ProyectoSOGA/vendor/laravel/framework/src/Illuminate/Pipeline/Pipeline.php(160): Illuminate\\Foundation\\Application->make('/register')
#5 /Users/hugoeguino/_ProyectoSOGA/_ProyectoSOGA/vendor/laravel/framework/src/Illuminate/Routing/Middleware/SubstituteBindings.php(41): Illuminate\\Pipeline\\Pipeline->Illuminate\\Pipeline\\{closure}(Object(Illuminate\\Http\\Request))
#6 /Users/hugoeguino/_ProyectoSOGA/_ProyectoSOGA/vendor/laravel/framework/src/Illuminate/Pipeline/Pipeline.php(171): Illuminate\\Routing\\Middleware\\SubstituteBindings->handle(Object(Illuminate\\Http\\Request), Object(Closure))
#7 /Users/hugoeguino/_ProyectoSOGA/_ProyectoSOGA/vendor/laravel/framework/src/Illuminate/Foundation/Http/Middleware/VerifyCsrfToken.php(76): Illuminate\\Pipeline\\Pipeline->Illuminate\\Pipeline\\{closure}(Object(Illuminate\\Http\\Request))
#8 /Users/hugoeguino/_ProyectoSOGA/_ProyectoSOGA/vendor/laravel/framework/src/Illuminate/Pipeline/Pipeline.php(171): Illuminate\\Foundation\\Http\\Middleware\\VerifyCsrfToken->handle(Object(Illuminate\\Http\\Request), Object(Closure))
#9 /Users/hugoeguino/_ProyectoSOGA/_ProyectoSOGA/vendor/laravel/framework/src/Illuminate/View/Middleware/ShareErrorsFromSession.php(49): Illuminate\\Pipeline\\Pipeline->Illuminate\\Pipeline\\{closure}(Object(Illuminate\\Http\\Request))
#10 /Users/hugoeguino/_ProyectoSOGA/_ProyectoSOGA/vendor/laravel/framework/src/Illuminate/Pipeline/Pipeline.php(171): Illuminate\\View\\Middleware\\ShareErrorsFromSession->handle(Object(Illuminate\\Http\\Request), Object(Closure))
#11 /Users/hugoeguino/_ProyectoSOGA/_ProyectoSOGA/vendor/laravel/framework/src/Illuminate/Session/Middleware/StartSession.php(56): Illuminate\\Pipeline\\Pipeline->Illuminate\\Pipeline\\{closure}(Object(Illuminate\\Http\\Request))
#12 /Users/hugoeguino/_ProyectoSOGA/_ProyectoSOGA/vendor/laravel/framework/src/Illuminate/Pipeline/Pipeline.php(171): Illuminate\\Session\\Middleware\\StartSession->handle(Object(Illuminate\\Http\\Request), Object(Closure))
#13 /Users/hugoeguino/_ProyectoSOGA/_ProyectoSOGA/vendor/laravel/framework/src/Illuminate/Cookie/Middleware/AddQueuedCookiesToResponse.php(37): Illuminate\\Pipeline\\Pipeline->Illuminate\\Pipeline\\{closure}(Object(Illuminate\\Http\\Request))
#14 /Users/hugoeguino/_ProyectoSOGA/_ProyectoSOGA/vendor/laravel/framework/src/Illuminate/Pipeline/Pipeline.php(171): Illuminate\\Cookie\\Middleware\\AddQueuedCookiesToResponse->handle(Object(Illuminate\\Http\\Request), Object(Closure))
#15 /Users/hugoeguino/_ProyectoSOGA/_ProyectoSOGA/vendor/laravel/framework/src/Illuminate/Cookie/Middleware/EncryptCookies.php(66): Illuminate\\Pipeline\\Pipeline->Illuminate\\Pipeline\\{closure}(Object(Illuminate\\Http\\Request))
#16 /Users/hugoeguino/_ProyectoSOGA/_ProyectoSOGA/vendor/laravel/framework/src/Illuminate/Pipeline/Pipeline.php(171): Illuminate\\Cookie\\Middleware\\EncryptCookies->handle(Object(Illuminate\\Http\\Request), Object(Closure))
#17 /Users/hugoeguino/_ProyectoSOGA/_ProyectoSOGA/vendor/laravel/framework/src/Illuminate/Pipeline/Pipeline.php(105): Illuminate\\Pipeline\\Pipeline->Illuminate\\Pipeline\\{closure}(Object(Illuminate\\Http\\Request))
#18 /Users/hugoeguino/_ProyectoSOGA/_ProyectoSOGA/vendor/laravel/framework/src/Illuminate/Routing/Router.php(682): Illuminate\\Pipeline\\Pipeline->then(Object(Closure))
#19 /Users/hugoeguino/_ProyectoSOGA/_ProyectoSOGA/vendor/laravel/framework/src/Illuminate/Routing/Router.php(657): Illuminate\\Routing\\Router->runRouteWithinStack(Object(Illuminate\\Routing\\Route), Object(Illuminate\\Http\\Request))
#20 /Users/hugoeguino/_ProyectoSOGA/_ProyectoSOGA/vendor/laravel/framework/src/Illuminate/Routing/Router.php(623): Illuminate\\Routing\\Router->runRoute(Object(Illuminate\\Http\\Request), Object(Illuminate\\Routing\\Route))
#21 /Users/hugoeguino/_ProyectoSOGA/_ProyectoSOGA/vendor/laravel/framework/src/Illuminate/Routing/Router.php(612): Illuminate\\Routing\\Router->dispatchToRoute(Object(Illuminate\\Http\\Request))
#22 /Users/hugoeguino/_ProyectoSOGA/_ProyectoSOGA/vendor/laravel/framework/src/Illuminate/Foundation/Http/Kernel.php(176): Illuminate\\Routing\\Router->dispatch(Object(Illuminate\\Http\\Request))
#23 /Users/hugoeguino/_ProyectoSOGA/_ProyectoSOGA/vendor/laravel/framework/src/Illuminate/Pipeline/Pipeline.php(130): Illuminate\\Foundation\\Http\\Kernel->Illuminate\\Foundation\\Http\\{closure}(Object(Illuminate\\Http\\Request))
#24 /Users/hugoeguino/_ProyectoSOGA/_ProyectoSOGA/vendor/laravel/framework/src/Illuminate/Foundation/Http/Middleware/TransformsRequest.php(21): Illuminate\\Pipeline\\Pipeline->Illuminate\\Pipeline\\{closure}(Object(Illuminate\\Http\\Request))
#25 /Users/hugoeguino/_ProyectoSOGA/_ProyectoSOGA/vendor/laravel/framework/src/Illuminate/Pipeline/Pipeline.php(171): Illuminate\\Foundation\\Http\\Middleware\\TransformsRequest->handle(Object(Illuminate\\Http\\Request), Object(Closure))
#26 /Users/hugoeguino/_ProyectoSOGA/_ProyectoSOGA/vendor/laravel/framework/src/Illuminate/Foundation/Http/Middleware/TransformsRequest.php(21): Illuminate\\Pipeline\\Pipeline->Illuminate\\Pipeline\\{closure}(Object(Illuminate\\Http\\Request))
#27 /Users/hugoeguino/_ProyectoSOGA/_ProyectoSOGA/vendor/laravel/framework/src/Illuminate/Pipeline/Pipeline.php(171): Illuminate\\Foundation\\Http\\Middleware\\TransformsRequest->handle(Object(Illuminate\\Http\\Request), Object(Closure))
#28 /Users/hugoeguino/_ProyectoSOGA/_ProyectoSOGA/vendor/laravel/framework/src/Illuminate/Foundation/Http/Middleware/ValidatePostSize.php(27): Illuminate\\Pipeline\\Pipeline->Illuminate\\Pipeline\\{closure}(Object(Illuminate\\Http\\Request))
#29 /Users/hugoeguino/_ProyectoSOGA/_ProyectoSOGA/vendor/laravel/framework/src/Illuminate/Pipeline/Pipeline.php(171): Illuminate\\Foundation\\Http\\Middleware\\ValidatePostSize->handle(Object(Illuminate\\Http\\Request), Object(Closure))
#30 /Users/hugoeguino/_ProyectoSOGA/_ProyectoSOGA/vendor/laravel/framework/src/Illuminate/Foundation/Http/Middleware/CheckForMaintenanceMode.php(62): Illuminate\\Pipeline\\Pipeline->Illuminate\\Pipeline\\{closure}(Object(Illuminate\\Http\\Request))
#31 /Users/hugoeguino/_ProyectoSOGA/_ProyectoSOGA/vendor/laravel/framework/src/Illuminate/Pipeline/Pipeline.php(171): Illuminate\\Foundation\\Http\\Middleware\\CheckForMaintenanceMode->handle(Object(Illuminate\\Http\\Request), Object(Closure))
#32 /Users/hugoeguino/_ProyectoSOGA/_ProyectoSOGA/vendor/fideloper/proxy/src/TrustProxies.php(57): Illuminate\\Pipeline\\Pipeline->Illuminate\\Pipeline\\{closure}(Object(Illuminate\\Http\\Request))
#33 /Users/hugoeguino/_ProyectoSOGA/_ProyectoSOGA/vendor/laravel/framework/src/Illuminate/Pipeline/Pipeline.php(171): Fideloper\\Proxy\\TrustProxies->handle(Object(Illuminate\\Http\\Request), Object(Closure))
#34 /Users/hugoeguino/_ProyectoSOGA/_ProyectoSOGA/vendor/laravel/framework/src/Illuminate/Pipeline/Pipeline.php(105): Illuminate\\Pipeline\\Pipeline->Illuminate\\Pipeline\\{closure}(Object(Illuminate\\Http\\Request))
#35 /Users/hugoeguino/_ProyectoSOGA/_ProyectoSOGA/vendor/laravel/framework/src/Illuminate/Foundation/Http/Kernel.php(151): Illuminate\\Pipeline\\Pipeline->then(Object(Closure))
#36 /Users/hugoeguino/_ProyectoSOGA/_ProyectoSOGA/vendor/laravel/framework/src/Illuminate/Foundation/Http/Kernel.php(116): Illuminate\\Foundation\\Http\\Kernel->sendRequestThroughRouter(Object(Illuminate\\Http\\Request))
#37 /Users/hugoeguino/_ProyectoSOGA/_ProyectoSOGA/public/index.php(55): Illuminate\\Foundation\\Http\\Kernel->handle(Object(Illuminate\\Http\\Request))
#38 /Users/hugoeguino/_ProyectoSOGA/_ProyectoSOGA/server.php(21): require_once('/Users/hugoegui...')
#39 {main}
"} 
[2019-11-08 00:00:20] local.ERROR: Target class [/register] does not exist. {"exception":"[object] (Illuminate\\Contracts\\Container\\BindingResolutionException(code: 0): Target class [/register] does not exist. at /Users/hugoeguino/_ProyectoSOGA/_ProyectoSOGA/vendor/laravel/framework/src/Illuminate/Container/Container.php:806)
[stacktrace]
#0 /Users/hugoeguino/_ProyectoSOGA/_ProyectoSOGA/vendor/laravel/framework/src/Illuminate/Container/Container.php(682): Illuminate\\Container\\Container->build('/register')
#1 /Users/hugoeguino/_ProyectoSOGA/_ProyectoSOGA/vendor/laravel/framework/src/Illuminate/Container/Container.php(630): Illuminate\\Container\\Container->resolve('/register', Array)
#2 /Users/hugoeguino/_ProyectoSOGA/_ProyectoSOGA/vendor/laravel/framework/src/Illuminate/Foundation/Application.php(768): Illuminate\\Container\\Container->make('/register', Array)
#3 /Users/hugoeguino/_ProyectoSOGA/_ProyectoSOGA/vendor/laravel/framework/src/Illuminate/Foundation/Http/Kernel.php(215): Illuminate\\Foundation\\Application->make('/register')
#4 /Users/hugoeguino/_ProyectoSOGA/_ProyectoSOGA/vendor/laravel/framework/src/Illuminate/Foundation/Http/Kernel.php(189): Illuminate\\Foundation\\Http\\Kernel->terminateMiddleware(Object(Illuminate\\Http\\Request), Object(Illuminate\\Http\\Response))
#5 /Users/hugoeguino/_ProyectoSOGA/_ProyectoSOGA/public/index.php(60): Illuminate\\Foundation\\Http\\Kernel->terminate(Object(Illuminate\\Http\\Request), Object(Illuminate\\Http\\Response))
#6 /Users/hugoeguino/_ProyectoSOGA/_ProyectoSOGA/server.php(21): require_once('/Users/hugoegui...')
#7 {main}

[previous exception] [object] (ReflectionException(code: -1): Class /register does not exist at /Users/hugoeguino/_ProyectoSOGA/_ProyectoSOGA/vendor/laravel/framework/src/Illuminate/Container/Container.php:804)
[stacktrace]
#0 /Users/hugoeguino/_ProyectoSOGA/_ProyectoSOGA/vendor/laravel/framework/src/Illuminate/Container/Container.php(804): ReflectionClass->__construct('/register')
#1 /Users/hugoeguino/_ProyectoSOGA/_ProyectoSOGA/vendor/laravel/framework/src/Illuminate/Container/Container.php(682): Illuminate\\Container\\Container->build('/register')
#2 /Users/hugoeguino/_ProyectoSOGA/_ProyectoSOGA/vendor/laravel/framework/src/Illuminate/Container/Container.php(630): Illuminate\\Container\\Container->resolve('/register', Array)
#3 /Users/hugoeguino/_ProyectoSOGA/_ProyectoSOGA/vendor/laravel/framework/src/Illuminate/Foundation/Application.php(768): Illuminate\\Container\\Container->make('/register', Array)
#4 /Users/hugoeguino/_ProyectoSOGA/_ProyectoSOGA/vendor/laravel/framework/src/Illuminate/Foundation/Http/Kernel.php(215): Illuminate\\Foundation\\Application->make('/register')
#5 /Users/hugoeguino/_ProyectoSOGA/_ProyectoSOGA/vendor/laravel/framework/src/Illuminate/Foundation/Http/Kernel.php(189): Illuminate\\Foundation\\Http\\Kernel->terminateMiddleware(Object(Illuminate\\Http\\Request), Object(Illuminate\\Http\\Response))
#6 /Users/hugoeguino/_ProyectoSOGA/_ProyectoSOGA/public/index.php(60): Illuminate\\Foundation\\Http\\Kernel->terminate(Object(Illuminate\\Http\\Request), Object(Illuminate\\Http\\Response))
#7 /Users/hugoeguino/_ProyectoSOGA/_ProyectoSOGA/server.php(21): require_once('/Users/hugoegui...')
#8 {main}
"} 
[2019-11-08 00:00:36] local.ERROR: Target class [/register] does not exist. {"exception":"[object] (Illuminate\\Contracts\\Container\\BindingResolutionException(code: 0): Target class [/register] does not exist. at /Users/hugoeguino/_ProyectoSOGA/_ProyectoSOGA/vendor/laravel/framework/src/Illuminate/Container/Container.php:806)
[stacktrace]
#0 /Users/hugoeguino/_ProyectoSOGA/_ProyectoSOGA/vendor/laravel/framework/src/Illuminate/Container/Container.php(682): Illuminate\\Container\\Container->build('/register')
#1 /Users/hugoeguino/_ProyectoSOGA/_ProyectoSOGA/vendor/laravel/framework/src/Illuminate/Container/Container.php(630): Illuminate\\Container\\Container->resolve('/register', Array)
#2 /Users/hugoeguino/_ProyectoSOGA/_ProyectoSOGA/vendor/laravel/framework/src/Illuminate/Foundation/Application.php(768): Illuminate\\Container\\Container->make('/register', Array)
#3 /Users/hugoeguino/_ProyectoSOGA/_ProyectoSOGA/vendor/laravel/framework/src/Illuminate/Pipeline/Pipeline.php(160): Illuminate\\Foundation\\Application->make('/register')
#4 /Users/hugoeguino/_ProyectoSOGA/_ProyectoSOGA/vendor/laravel/framework/src/Illuminate/Routing/Middleware/SubstituteBindings.php(41): Illuminate\\Pipeline\\Pipeline->Illuminate\\Pipeline\\{closure}(Object(Illuminate\\Http\\Request))
#5 /Users/hugoeguino/_ProyectoSOGA/_ProyectoSOGA/vendor/laravel/framework/src/Illuminate/Pipeline/Pipeline.php(171): Illuminate\\Routing\\Middleware\\SubstituteBindings->handle(Object(Illuminate\\Http\\Request), Object(Closure))
#6 /Users/hugoeguino/_ProyectoSOGA/_ProyectoSOGA/vendor/laravel/framework/src/Illuminate/Foundation/Http/Middleware/VerifyCsrfToken.php(76): Illuminate\\Pipeline\\Pipeline->Illuminate\\Pipeline\\{closure}(Object(Illuminate\\Http\\Request))
#7 /Users/hugoeguino/_ProyectoSOGA/_ProyectoSOGA/vendor/laravel/framework/src/Illuminate/Pipeline/Pipeline.php(171): Illuminate\\Foundation\\Http\\Middleware\\VerifyCsrfToken->handle(Object(Illuminate\\Http\\Request), Object(Closure))
#8 /Users/hugoeguino/_ProyectoSOGA/_ProyectoSOGA/vendor/laravel/framework/src/Illuminate/View/Middleware/ShareErrorsFromSession.php(49): Illuminate\\Pipeline\\Pipeline->Illuminate\\Pipeline\\{closure}(Object(Illuminate\\Http\\Request))
#9 /Users/hugoeguino/_ProyectoSOGA/_ProyectoSOGA/vendor/laravel/framework/src/Illuminate/Pipeline/Pipeline.php(171): Illuminate\\View\\Middleware\\ShareErrorsFromSession->handle(Object(Illuminate\\Http\\Request), Object(Closure))
#10 /Users/hugoeguino/_ProyectoSOGA/_ProyectoSOGA/vendor/laravel/framework/src/Illuminate/Session/Middleware/StartSession.php(56): Illuminate\\Pipeline\\Pipeline->Illuminate\\Pipeline\\{closure}(Object(Illuminate\\Http\\Request))
#11 /Users/hugoeguino/_ProyectoSOGA/_ProyectoSOGA/vendor/laravel/framework/src/Illuminate/Pipeline/Pipeline.php(171): Illuminate\\Session\\Middleware\\StartSession->handle(Object(Illuminate\\Http\\Request), Object(Closure))
#12 /Users/hugoeguino/_ProyectoSOGA/_ProyectoSOGA/vendor/laravel/framework/src/Illuminate/Cookie/Middleware/AddQueuedCookiesToResponse.php(37): Illuminate\\Pipeline\\Pipeline->Illuminate\\Pipeline\\{closure}(Object(Illuminate\\Http\\Request))
#13 /Users/hugoeguino/_ProyectoSOGA/_ProyectoSOGA/vendor/laravel/framework/src/Illuminate/Pipeline/Pipeline.php(171): Illuminate\\Cookie\\Middleware\\AddQueuedCookiesToResponse->handle(Object(Illuminate\\Http\\Request), Object(Closure))
#14 /Users/hugoeguino/_ProyectoSOGA/_ProyectoSOGA/vendor/laravel/framework/src/Illuminate/Cookie/Middleware/EncryptCookies.php(66): Illuminate\\Pipeline\\Pipeline->Illuminate\\Pipeline\\{closure}(Object(Illuminate\\Http\\Request))
#15 /Users/hugoeguino/_ProyectoSOGA/_ProyectoSOGA/vendor/laravel/framework/src/Illuminate/Pipeline/Pipeline.php(171): Illuminate\\Cookie\\Middleware\\EncryptCookies->handle(Object(Illuminate\\Http\\Request), Object(Closure))
#16 /Users/hugoeguino/_ProyectoSOGA/_ProyectoSOGA/vendor/laravel/framework/src/Illuminate/Pipeline/Pipeline.php(105): Illuminate\\Pipeline\\Pipeline->Illuminate\\Pipeline\\{closure}(Object(Illuminate\\Http\\Request))
#17 /Users/hugoeguino/_ProyectoSOGA/_ProyectoSOGA/vendor/laravel/framework/src/Illuminate/Routing/Router.php(682): Illuminate\\Pipeline\\Pipeline->then(Object(Closure))
#18 /Users/hugoeguino/_ProyectoSOGA/_ProyectoSOGA/vendor/laravel/framework/src/Illuminate/Routing/Router.php(657): Illuminate\\Routing\\Router->runRouteWithinStack(Object(Illuminate\\Routing\\Route), Object(Illuminate\\Http\\Request))
#19 /Users/hugoeguino/_ProyectoSOGA/_ProyectoSOGA/vendor/laravel/framework/src/Illuminate/Routing/Router.php(623): Illuminate\\Routing\\Router->runRoute(Object(Illuminate\\Http\\Request), Object(Illuminate\\Routing\\Route))
#20 /Users/hugoeguino/_ProyectoSOGA/_ProyectoSOGA/vendor/laravel/framework/src/Illuminate/Routing/Router.php(612): Illuminate\\Routing\\Router->dispatchToRoute(Object(Illuminate\\Http\\Request))
#21 /Users/hugoeguino/_ProyectoSOGA/_ProyectoSOGA/vendor/laravel/framework/src/Illuminate/Foundation/Http/Kernel.php(176): Illuminate\\Routing\\Router->dispatch(Object(Illuminate\\Http\\Request))
#22 /Users/hugoeguino/_ProyectoSOGA/_ProyectoSOGA/vendor/laravel/framework/src/Illuminate/Pipeline/Pipeline.php(130): Illuminate\\Foundation\\Http\\Kernel->Illuminate\\Foundation\\Http\\{closure}(Object(Illuminate\\Http\\Request))
#23 /Users/hugoeguino/_ProyectoSOGA/_ProyectoSOGA/vendor/laravel/framework/src/Illuminate/Foundation/Http/Middleware/TransformsRequest.php(21): Illuminate\\Pipeline\\Pipeline->Illuminate\\Pipeline\\{closure}(Object(Illuminate\\Http\\Request))
#24 /Users/hugoeguino/_ProyectoSOGA/_ProyectoSOGA/vendor/laravel/framework/src/Illuminate/Pipeline/Pipeline.php(171): Illuminate\\Foundation\\Http\\Middleware\\TransformsRequest->handle(Object(Illuminate\\Http\\Request), Object(Closure))
#25 /Users/hugoeguino/_ProyectoSOGA/_ProyectoSOGA/vendor/laravel/framework/src/Illuminate/Foundation/Http/Middleware/TransformsRequest.php(21): Illuminate\\Pipeline\\Pipeline->Illuminate\\Pipeline\\{closure}(Object(Illuminate\\Http\\Request))
#26 /Users/hugoeguino/_ProyectoSOGA/_ProyectoSOGA/vendor/laravel/framework/src/Illuminate/Pipeline/Pipeline.php(171): Illuminate\\Foundation\\Http\\Middleware\\TransformsRequest->handle(Object(Illuminate\\Http\\Request), Object(Closure))
#27 /Users/hugoeguino/_ProyectoSOGA/_ProyectoSOGA/vendor/laravel/framework/src/Illuminate/Foundation/Http/Middleware/ValidatePostSize.php(27): Illuminate\\Pipeline\\Pipeline->Illuminate\\Pipeline\\{closure}(Object(Illuminate\\Http\\Request))
#28 /Users/hugoeguino/_ProyectoSOGA/_ProyectoSOGA/vendor/laravel/framework/src/Illuminate/Pipeline/Pipeline.php(171): Illuminate\\Foundation\\Http\\Middleware\\ValidatePostSize->handle(Object(Illuminate\\Http\\Request), Object(Closure))
#29 /Users/hugoeguino/_ProyectoSOGA/_ProyectoSOGA/vendor/laravel/framework/src/Illuminate/Foundation/Http/Middleware/CheckForMaintenanceMode.php(62): Illuminate\\Pipeline\\Pipeline->Illuminate\\Pipeline\\{closure}(Object(Illuminate\\Http\\Request))
#30 /Users/hugoeguino/_ProyectoSOGA/_ProyectoSOGA/vendor/laravel/framework/src/Illuminate/Pipeline/Pipeline.php(171): Illuminate\\Foundation\\Http\\Middleware\\CheckForMaintenanceMode->handle(Object(Illuminate\\Http\\Request), Object(Closure))
#31 /Users/hugoeguino/_ProyectoSOGA/_ProyectoSOGA/vendor/fideloper/proxy/src/TrustProxies.php(57): Illuminate\\Pipeline\\Pipeline->Illuminate\\Pipeline\\{closure}(Object(Illuminate\\Http\\Request))
#32 /Users/hugoeguino/_ProyectoSOGA/_ProyectoSOGA/vendor/laravel/framework/src/Illuminate/Pipeline/Pipeline.php(171): Fideloper\\Proxy\\TrustProxies->handle(Object(Illuminate\\Http\\Request), Object(Closure))
#33 /Users/hugoeguino/_ProyectoSOGA/_ProyectoSOGA/vendor/laravel/framework/src/Illuminate/Pipeline/Pipeline.php(105): Illuminate\\Pipeline\\Pipeline->Illuminate\\Pipeline\\{closure}(Object(Illuminate\\Http\\Request))
#34 /Users/hugoeguino/_ProyectoSOGA/_ProyectoSOGA/vendor/laravel/framework/src/Illuminate/Foundation/Http/Kernel.php(151): Illuminate\\Pipeline\\Pipeline->then(Object(Closure))
#35 /Users/hugoeguino/_ProyectoSOGA/_ProyectoSOGA/vendor/laravel/framework/src/Illuminate/Foundation/Http/Kernel.php(116): Illuminate\\Foundation\\Http\\Kernel->sendRequestThroughRouter(Object(Illuminate\\Http\\Request))
#36 /Users/hugoeguino/_ProyectoSOGA/_ProyectoSOGA/public/index.php(55): Illuminate\\Foundation\\Http\\Kernel->handle(Object(Illuminate\\Http\\Request))
#37 /Users/hugoeguino/_ProyectoSOGA/_ProyectoSOGA/server.php(21): require_once('/Users/hugoegui...')
#38 {main}

[previous exception] [object] (ReflectionException(code: -1): Class /register does not exist at /Users/hugoeguino/_ProyectoSOGA/_ProyectoSOGA/vendor/laravel/framework/src/Illuminate/Container/Container.php:804)
[stacktrace]
#0 /Users/hugoeguino/_ProyectoSOGA/_ProyectoSOGA/vendor/laravel/framework/src/Illuminate/Container/Container.php(804): ReflectionClass->__construct('/register')
#1 /Users/hugoeguino/_ProyectoSOGA/_ProyectoSOGA/vendor/laravel/framework/src/Illuminate/Container/Container.php(682): Illuminate\\Container\\Container->build('/register')
#2 /Users/hugoeguino/_ProyectoSOGA/_ProyectoSOGA/vendor/laravel/framework/src/Illuminate/Container/Container.php(630): Illuminate\\Container\\Container->resolve('/register', Array)
#3 /Users/hugoeguino/_ProyectoSOGA/_ProyectoSOGA/vendor/laravel/framework/src/Illuminate/Foundation/Application.php(768): Illuminate\\Container\\Container->make('/register', Array)
#4 /Users/hugoeguino/_ProyectoSOGA/_ProyectoSOGA/vendor/laravel/framework/src/Illuminate/Pipeline/Pipeline.php(160): Illuminate\\Foundation\\Application->make('/register')
#5 /Users/hugoeguino/_ProyectoSOGA/_ProyectoSOGA/vendor/laravel/framework/src/Illuminate/Routing/Middleware/SubstituteBindings.php(41): Illuminate\\Pipeline\\Pipeline->Illuminate\\Pipeline\\{closure}(Object(Illuminate\\Http\\Request))
#6 /Users/hugoeguino/_ProyectoSOGA/_ProyectoSOGA/vendor/laravel/framework/src/Illuminate/Pipeline/Pipeline.php(171): Illuminate\\Routing\\Middleware\\SubstituteBindings->handle(Object(Illuminate\\Http\\Request), Object(Closure))
#7 /Users/hugoeguino/_ProyectoSOGA/_ProyectoSOGA/vendor/laravel/framework/src/Illuminate/Foundation/Http/Middleware/VerifyCsrfToken.php(76): Illuminate\\Pipeline\\Pipeline->Illuminate\\Pipeline\\{closure}(Object(Illuminate\\Http\\Request))
#8 /Users/hugoeguino/_ProyectoSOGA/_ProyectoSOGA/vendor/laravel/framework/src/Illuminate/Pipeline/Pipeline.php(171): Illuminate\\Foundation\\Http\\Middleware\\VerifyCsrfToken->handle(Object(Illuminate\\Http\\Request), Object(Closure))
#9 /Users/hugoeguino/_ProyectoSOGA/_ProyectoSOGA/vendor/laravel/framework/src/Illuminate/View/Middleware/ShareErrorsFromSession.php(49): Illuminate\\Pipeline\\Pipeline->Illuminate\\Pipeline\\{closure}(Object(Illuminate\\Http\\Request))
#10 /Users/hugoeguino/_ProyectoSOGA/_ProyectoSOGA/vendor/laravel/framework/src/Illuminate/Pipeline/Pipeline.php(171): Illuminate\\View\\Middleware\\ShareErrorsFromSession->handle(Object(Illuminate\\Http\\Request), Object(Closure))
#11 /Users/hugoeguino/_ProyectoSOGA/_ProyectoSOGA/vendor/laravel/framework/src/Illuminate/Session/Middleware/StartSession.php(56): Illuminate\\Pipeline\\Pipeline->Illuminate\\Pipeline\\{closure}(Object(Illuminate\\Http\\Request))
#12 /Users/hugoeguino/_ProyectoSOGA/_ProyectoSOGA/vendor/laravel/framework/src/Illuminate/Pipeline/Pipeline.php(171): Illuminate\\Session\\Middleware\\StartSession->handle(Object(Illuminate\\Http\\Request), Object(Closure))
#13 /Users/hugoeguino/_ProyectoSOGA/_ProyectoSOGA/vendor/laravel/framework/src/Illuminate/Cookie/Middleware/AddQueuedCookiesToResponse.php(37): Illuminate\\Pipeline\\Pipeline->Illuminate\\Pipeline\\{closure}(Object(Illuminate\\Http\\Request))
#14 /Users/hugoeguino/_ProyectoSOGA/_ProyectoSOGA/vendor/laravel/framework/src/Illuminate/Pipeline/Pipeline.php(171): Illuminate\\Cookie\\Middleware\\AddQueuedCookiesToResponse->handle(Object(Illuminate\\Http\\Request), Object(Closure))
#15 /Users/hugoeguino/_ProyectoSOGA/_ProyectoSOGA/vendor/laravel/framework/src/Illuminate/Cookie/Middleware/EncryptCookies.php(66): Illuminate\\Pipeline\\Pipeline->Illuminate\\Pipeline\\{closure}(Object(Illuminate\\Http\\Request))
#16 /Users/hugoeguino/_ProyectoSOGA/_ProyectoSOGA/vendor/laravel/framework/src/Illuminate/Pipeline/Pipeline.php(171): Illuminate\\Cookie\\Middleware\\EncryptCookies->handle(Object(Illuminate\\Http\\Request), Object(Closure))
#17 /Users/hugoeguino/_ProyectoSOGA/_ProyectoSOGA/vendor/laravel/framework/src/Illuminate/Pipeline/Pipeline.php(105): Illuminate\\Pipeline\\Pipeline->Illuminate\\Pipeline\\{closure}(Object(Illuminate\\Http\\Request))
#18 /Users/hugoeguino/_ProyectoSOGA/_ProyectoSOGA/vendor/laravel/framework/src/Illuminate/Routing/Router.php(682): Illuminate\\Pipeline\\Pipeline->then(Object(Closure))
#19 /Users/hugoeguino/_ProyectoSOGA/_ProyectoSOGA/vendor/laravel/framework/src/Illuminate/Routing/Router.php(657): Illuminate\\Routing\\Router->runRouteWithinStack(Object(Illuminate\\Routing\\Route), Object(Illuminate\\Http\\Request))
#20 /Users/hugoeguino/_ProyectoSOGA/_ProyectoSOGA/vendor/laravel/framework/src/Illuminate/Routing/Router.php(623): Illuminate\\Routing\\Router->runRoute(Object(Illuminate\\Http\\Request), Object(Illuminate\\Routing\\Route))
#21 /Users/hugoeguino/_ProyectoSOGA/_ProyectoSOGA/vendor/laravel/framework/src/Illuminate/Routing/Router.php(612): Illuminate\\Routing\\Router->dispatchToRoute(Object(Illuminate\\Http\\Request))
#22 /Users/hugoeguino/_ProyectoSOGA/_ProyectoSOGA/vendor/laravel/framework/src/Illuminate/Foundation/Http/Kernel.php(176): Illuminate\\Routing\\Router->dispatch(Object(Illuminate\\Http\\Request))
#23 /Users/hugoeguino/_ProyectoSOGA/_ProyectoSOGA/vendor/laravel/framework/src/Illuminate/Pipeline/Pipeline.php(130): Illuminate\\Foundation\\Http\\Kernel->Illuminate\\Foundation\\Http\\{closure}(Object(Illuminate\\Http\\Request))
#24 /Users/hugoeguino/_ProyectoSOGA/_ProyectoSOGA/vendor/laravel/framework/src/Illuminate/Foundation/Http/Middleware/TransformsRequest.php(21): Illuminate\\Pipeline\\Pipeline->Illuminate\\Pipeline\\{closure}(Object(Illuminate\\Http\\Request))
#25 /Users/hugoeguino/_ProyectoSOGA/_ProyectoSOGA/vendor/laravel/framework/src/Illuminate/Pipeline/Pipeline.php(171): Illuminate\\Foundation\\Http\\Middleware\\TransformsRequest->handle(Object(Illuminate\\Http\\Request), Object(Closure))
#26 /Users/hugoeguino/_ProyectoSOGA/_ProyectoSOGA/vendor/laravel/framework/src/Illuminate/Foundation/Http/Middleware/TransformsRequest.php(21): Illuminate\\Pipeline\\Pipeline->Illuminate\\Pipeline\\{closure}(Object(Illuminate\\Http\\Request))
#27 /Users/hugoeguino/_ProyectoSOGA/_ProyectoSOGA/vendor/laravel/framework/src/Illuminate/Pipeline/Pipeline.php(171): Illuminate\\Foundation\\Http\\Middleware\\TransformsRequest->handle(Object(Illuminate\\Http\\Request), Object(Closure))
#28 /Users/hugoeguino/_ProyectoSOGA/_ProyectoSOGA/vendor/laravel/framework/src/Illuminate/Foundation/Http/Middleware/ValidatePostSize.php(27): Illuminate\\Pipeline\\Pipeline->Illuminate\\Pipeline\\{closure}(Object(Illuminate\\Http\\Request))
#29 /Users/hugoeguino/_ProyectoSOGA/_ProyectoSOGA/vendor/laravel/framework/src/Illuminate/Pipeline/Pipeline.php(171): Illuminate\\Foundation\\Http\\Middleware\\ValidatePostSize->handle(Object(Illuminate\\Http\\Request), Object(Closure))
#30 /Users/hugoeguino/_ProyectoSOGA/_ProyectoSOGA/vendor/laravel/framework/src/Illuminate/Foundation/Http/Middleware/CheckForMaintenanceMode.php(62): Illuminate\\Pipeline\\Pipeline->Illuminate\\Pipeline\\{closure}(Object(Illuminate\\Http\\Request))
#31 /Users/hugoeguino/_ProyectoSOGA/_ProyectoSOGA/vendor/laravel/framework/src/Illuminate/Pipeline/Pipeline.php(171): Illuminate\\Foundation\\Http\\Middleware\\CheckForMaintenanceMode->handle(Object(Illuminate\\Http\\Request), Object(Closure))
#32 /Users/hugoeguino/_ProyectoSOGA/_ProyectoSOGA/vendor/fideloper/proxy/src/TrustProxies.php(57): Illuminate\\Pipeline\\Pipeline->Illuminate\\Pipeline\\{closure}(Object(Illuminate\\Http\\Request))
#33 /Users/hugoeguino/_ProyectoSOGA/_ProyectoSOGA/vendor/laravel/framework/src/Illuminate/Pipeline/Pipeline.php(171): Fideloper\\Proxy\\TrustProxies->handle(Object(Illuminate\\Http\\Request), Object(Closure))
#34 /Users/hugoeguino/_ProyectoSOGA/_ProyectoSOGA/vendor/laravel/framework/src/Illuminate/Pipeline/Pipeline.php(105): Illuminate\\Pipeline\\Pipeline->Illuminate\\Pipeline\\{closure}(Object(Illuminate\\Http\\Request))
#35 /Users/hugoeguino/_ProyectoSOGA/_ProyectoSOGA/vendor/laravel/framework/src/Illuminate/Foundation/Http/Kernel.php(151): Illuminate\\Pipeline\\Pipeline->then(Object(Closure))
#36 /Users/hugoeguino/_ProyectoSOGA/_ProyectoSOGA/vendor/laravel/framework/src/Illuminate/Foundation/Http/Kernel.php(116): Illuminate\\Foundation\\Http\\Kernel->sendRequestThroughRouter(Object(Illuminate\\Http\\Request))
#37 /Users/hugoeguino/_ProyectoSOGA/_ProyectoSOGA/public/index.php(55): Illuminate\\Foundation\\Http\\Kernel->handle(Object(Illuminate\\Http\\Request))
#38 /Users/hugoeguino/_ProyectoSOGA/_ProyectoSOGA/server.php(21): require_once('/Users/hugoegui...')
#39 {main}
"} 
[2019-11-08 00:00:37] local.ERROR: Target class [/register] does not exist. {"exception":"[object] (Illuminate\\Contracts\\Container\\BindingResolutionException(code: 0): Target class [/register] does not exist. at /Users/hugoeguino/_ProyectoSOGA/_ProyectoSOGA/vendor/laravel/framework/src/Illuminate/Container/Container.php:806)
[stacktrace]
#0 /Users/hugoeguino/_ProyectoSOGA/_ProyectoSOGA/vendor/laravel/framework/src/Illuminate/Container/Container.php(682): Illuminate\\Container\\Container->build('/register')
#1 /Users/hugoeguino/_ProyectoSOGA/_ProyectoSOGA/vendor/laravel/framework/src/Illuminate/Container/Container.php(630): Illuminate\\Container\\Container->resolve('/register', Array)
#2 /Users/hugoeguino/_ProyectoSOGA/_ProyectoSOGA/vendor/laravel/framework/src/Illuminate/Foundation/Application.php(768): Illuminate\\Container\\Container->make('/register', Array)
#3 /Users/hugoeguino/_ProyectoSOGA/_ProyectoSOGA/vendor/laravel/framework/src/Illuminate/Foundation/Http/Kernel.php(215): Illuminate\\Foundation\\Application->make('/register')
#4 /Users/hugoeguino/_ProyectoSOGA/_ProyectoSOGA/vendor/laravel/framework/src/Illuminate/Foundation/Http/Kernel.php(189): Illuminate\\Foundation\\Http\\Kernel->terminateMiddleware(Object(Illuminate\\Http\\Request), Object(Illuminate\\Http\\Response))
#5 /Users/hugoeguino/_ProyectoSOGA/_ProyectoSOGA/public/index.php(60): Illuminate\\Foundation\\Http\\Kernel->terminate(Object(Illuminate\\Http\\Request), Object(Illuminate\\Http\\Response))
#6 /Users/hugoeguino/_ProyectoSOGA/_ProyectoSOGA/server.php(21): require_once('/Users/hugoegui...')
#7 {main}

[previous exception] [object] (ReflectionException(code: -1): Class /register does not exist at /Users/hugoeguino/_ProyectoSOGA/_ProyectoSOGA/vendor/laravel/framework/src/Illuminate/Container/Container.php:804)
[stacktrace]
#0 /Users/hugoeguino/_ProyectoSOGA/_ProyectoSOGA/vendor/laravel/framework/src/Illuminate/Container/Container.php(804): ReflectionClass->__construct('/register')
#1 /Users/hugoeguino/_ProyectoSOGA/_ProyectoSOGA/vendor/laravel/framework/src/Illuminate/Container/Container.php(682): Illuminate\\Container\\Container->build('/register')
#2 /Users/hugoeguino/_ProyectoSOGA/_ProyectoSOGA/vendor/laravel/framework/src/Illuminate/Container/Container.php(630): Illuminate\\Container\\Container->resolve('/register', Array)
#3 /Users/hugoeguino/_ProyectoSOGA/_ProyectoSOGA/vendor/laravel/framework/src/Illuminate/Foundation/Application.php(768): Illuminate\\Container\\Container->make('/register', Array)
#4 /Users/hugoeguino/_ProyectoSOGA/_ProyectoSOGA/vendor/laravel/framework/src/Illuminate/Foundation/Http/Kernel.php(215): Illuminate\\Foundation\\Application->make('/register')
#5 /Users/hugoeguino/_ProyectoSOGA/_ProyectoSOGA/vendor/laravel/framework/src/Illuminate/Foundation/Http/Kernel.php(189): Illuminate\\Foundation\\Http\\Kernel->terminateMiddleware(Object(Illuminate\\Http\\Request), Object(Illuminate\\Http\\Response))
#6 /Users/hugoeguino/_ProyectoSOGA/_ProyectoSOGA/public/index.php(60): Illuminate\\Foundation\\Http\\Kernel->terminate(Object(Illuminate\\Http\\Request), Object(Illuminate\\Http\\Response))
#7 /Users/hugoeguino/_ProyectoSOGA/_ProyectoSOGA/server.php(21): require_once('/Users/hugoegui...')
#8 {main}
"} 
