[2019-12-08 00:10:49] local.ERROR: View [ejemplo] not found. {"userId":1,"exception":"[object] (InvalidArgumentException(code: 0): View [ejemplo] not found. at /Users/hugoeguino/_ProyectoSOGA/_ProyectoSOGA/vendor/laravel/framework/src/Illuminate/View/FileViewFinder.php:137)
[stacktrace]
#0 /Users/hugoeguino/_ProyectoSOGA/_ProyectoSOGA/vendor/laravel/framework/src/Illuminate/View/FileViewFinder.php(79): Illuminate\\View\\FileViewFinder->findInPaths('ejemplo', Array)
#1 /Users/hugoeguino/_ProyectoSOGA/_ProyectoSOGA/vendor/laravel/framework/src/Illuminate/View/Factory.php(131): Illuminate\\View\\FileViewFinder->find('ejemplo')
#2 /Users/hugoeguino/_ProyectoSOGA/_ProyectoSOGA/vendor/barryvdh/laravel-dompdf/src/PDF.php(119): Illuminate\\View\\Factory->make('ejemplo', Array, Array)
#3 /Users/hugoeguino/_ProyectoSOGA/_ProyectoSOGA/vendor/barryvdh/laravel-dompdf/src/Facade.php(28): Barryvdh\\DomPDF\\PDF->loadView('ejemplo')
#4 /Users/hugoeguino/_ProyectoSOGA/_ProyectoSOGA/app/Http/Controllers/HomeController.php(212): Barryvdh\\DomPDF\\Facade::__callStatic('loadView', Array)
#5 [internal function]: App\\Http\\Controllers\\HomeController->descargar()
#6 /Users/hugoeguino/_ProyectoSOGA/_ProyectoSOGA/vendor/laravel/framework/src/Illuminate/Routing/Controller.php(54): call_user_func_array(Array, Array)
#7 /Users/hugoeguino/_ProyectoSOGA/_ProyectoSOGA/vendor/laravel/framework/src/Illuminate/Routing/ControllerDispatcher.php(45): Illuminate\\Routing\\Controller->callAction('descargar', Array)
#8 /Users/hugoeguino/_ProyectoSOGA/_ProyectoSOGA/vendor/laravel/framework/src/Illuminate/Routing/Route.php(219): Illuminate\\Routing\\ControllerDispatcher->dispatch(Object(Illuminate\\Routing\\Route), Object(App\\Http\\Controllers\\HomeController), 'descargar')
#9 /Users/hugoeguino/_ProyectoSOGA/_ProyectoSOGA/vendor/laravel/framework/src/Illuminate/Routing/Route.php(176): Illuminate\\Routing\\Route->runController()
#10 /Users/hugoeguino/_ProyectoSOGA/_ProyectoSOGA/vendor/laravel/framework/src/Illuminate/Routing/Router.php(680): Illuminate\\Routing\\Route->run()
#11 /Users/hugoeguino/_ProyectoSOGA/_ProyectoSOGA/vendor/laravel/framework/src/Illuminate/Pipeline/Pipeline.php(130): Illuminate\\Routing\\Router->Illuminate\\Routing\\{closure}(Object(Illuminate\\Http\\Request))
#12 /Users/hugoeguino/_ProyectoSOGA/_ProyectoSOGA/vendor/laravel/framework/src/Illuminate/Routing/Middleware/SubstituteBindings.php(41): Illuminate\\Pipeline\\Pipeline->Illuminate\\Pipeline\\{closure}(Object(Illuminate\\Http\\Request))
#13 /Users/hugoeguino/_ProyectoSOGA/_ProyectoSOGA/vendor/laravel/framework/src/Illuminate/Pipeline/Pipeline.php(171): Illuminate\\Routing\\Middleware\\SubstituteBindings->handle(Object(Illuminate\\Http\\Request), Object(Closure))
#14 /Users/hugoeguino/_ProyectoSOGA/_ProyectoSOGA/vendor/laravel/framework/src/Illuminate/Auth/Middleware/Authenticate.php(43): Illuminate\\Pipeline\\Pipeline->Illuminate\\Pipeline\\{closure}(Object(Illuminate\\Http\\Request))
#15 /Users/hugoeguino/_ProyectoSOGA/_ProyectoSOGA/vendor/laravel/framework/src/Illuminate/Pipeline/Pipeline.php(171): Illuminate\\Auth\\Middleware\\Authenticate->handle(Object(Illuminate\\Http\\Request), Object(Closure))
#16 /Users/hugoeguino/_ProyectoSOGA/_ProyectoSOGA/vendor/laravel/framework/src/Illuminate/Foundation/Http/Middleware/VerifyCsrfToken.php(76): Illuminate\\Pipeline\\Pipeline->Illuminate\\Pipeline\\{closure}(Object(Illuminate\\Http\\Request))
#17 /Users/hugoeguino/_ProyectoSOGA/_ProyectoSOGA/vendor/laravel/framework/src/Illuminate/Pipeline/Pipeline.php(171): Illuminate\\Foundation\\Http\\Middleware\\VerifyCsrfToken->handle(Object(Illuminate\\Http\\Request), Object(Closure))
#18 /Users/hugoeguino/_ProyectoSOGA/_ProyectoSOGA/vendor/laravel/framework/src/Illuminate/View/Middleware/ShareErrorsFromSession.php(49): Illuminate\\Pipeline\\Pipeline->Illuminate\\Pipeline\\{closure}(Object(Illuminate\\Http\\Request))
#19 /Users/hugoeguino/_ProyectoSOGA/_ProyectoSOGA/vendor/laravel/framework/src/Illuminate/Pipeline/Pipeline.php(171): Illuminate\\View\\Middleware\\ShareErrorsFromSession->handle(Object(Illuminate\\Http\\Request), Object(Closure))
#20 /Users/hugoeguino/_ProyectoSOGA/_ProyectoSOGA/vendor/laravel/framework/src/Illuminate/Session/Middleware/StartSession.php(56): Illuminate\\Pipeline\\Pipeline->Illuminate\\Pipeline\\{closure}(Object(Illuminate\\Http\\Request))
#21 /Users/hugoeguino/_ProyectoSOGA/_ProyectoSOGA/vendor/laravel/framework/src/Illuminate/Pipeline/Pipeline.php(171): Illuminate\\Session\\Middleware\\StartSession->handle(Object(Illuminate\\Http\\Request), Object(Closure))
#22 /Users/hugoeguino/_ProyectoSOGA/_ProyectoSOGA/vendor/laravel/framework/src/Illuminate/Cookie/Middleware/AddQueuedCookiesToResponse.php(37): Illuminate\\Pipeline\\Pipeline->Illuminate\\Pipeline\\{closure}(Object(Illuminate\\Http\\Request))
#23 /Users/hugoeguino/_ProyectoSOGA/_ProyectoSOGA/vendor/laravel/framework/src/Illuminate/Pipeline/Pipeline.php(171): Illuminate\\Cookie\\Middleware\\AddQueuedCookiesToResponse->handle(Object(Illuminate\\Http\\Request), Object(Closure))
#24 /Users/hugoeguino/_ProyectoSOGA/_ProyectoSOGA/vendor/laravel/framework/src/Illuminate/Cookie/Middleware/EncryptCookies.php(66): Illuminate\\Pipeline\\Pipeline->Illuminate\\Pipeline\\{closure}(Object(Illuminate\\Http\\Request))
#25 /Users/hugoeguino/_ProyectoSOGA/_ProyectoSOGA/vendor/laravel/framework/src/Illuminate/Pipeline/Pipeline.php(171): Illuminate\\Cookie\\Middleware\\EncryptCookies->handle(Object(Illuminate\\Http\\Request), Object(Closure))
#26 /Users/hugoeguino/_ProyectoSOGA/_ProyectoSOGA/vendor/laravel/framework/src/Illuminate/Pipeline/Pipeline.php(105): Illuminate\\Pipeline\\Pipeline->Illuminate\\Pipeline\\{closure}(Object(Illuminate\\Http\\Request))
#27 /Users/hugoeguino/_ProyectoSOGA/_ProyectoSOGA/vendor/laravel/framework/src/Illuminate/Routing/Router.php(682): Illuminate\\Pipeline\\Pipeline->then(Object(Closure))
#28 /Users/hugoeguino/_ProyectoSOGA/_ProyectoSOGA/vendor/laravel/framework/src/Illuminate/Routing/Router.php(657): Illuminate\\Routing\\Router->runRouteWithinStack(Object(Illuminate\\Routing\\Route), Object(Illuminate\\Http\\Request))
#29 /Users/hugoeguino/_ProyectoSOGA/_ProyectoSOGA/vendor/laravel/framework/src/Illuminate/Routing/Router.php(623): Illuminate\\Routing\\Router->runRoute(Object(Illuminate\\Http\\Request), Object(Illuminate\\Routing\\Route))
#30 /Users/hugoeguino/_ProyectoSOGA/_ProyectoSOGA/vendor/laravel/framework/src/Illuminate/Routing/Router.php(612): Illuminate\\Routing\\Router->dispatchToRoute(Object(Illuminate\\Http\\Request))
#31 /Users/hugoeguino/_ProyectoSOGA/_ProyectoSOGA/vendor/laravel/framework/src/Illuminate/Foundation/Http/Kernel.php(176): Illuminate\\Routing\\Router->dispatch(Object(Illuminate\\Http\\Request))
#32 /Users/hugoeguino/_ProyectoSOGA/_ProyectoSOGA/vendor/laravel/framework/src/Illuminate/Pipeline/Pipeline.php(130): Illuminate\\Foundation\\Http\\Kernel->Illuminate\\Foundation\\Http\\{closure}(Object(Illuminate\\Http\\Request))
#33 /Users/hugoeguino/_ProyectoSOGA/_ProyectoSOGA/vendor/laravel/framework/src/Illuminate/Foundation/Http/Middleware/TransformsRequest.php(21): Illuminate\\Pipeline\\Pipeline->Illuminate\\Pipeline\\{closure}(Object(Illuminate\\Http\\Request))
#34 /Users/hugoeguino/_ProyectoSOGA/_ProyectoSOGA/vendor/laravel/framework/src/Illuminate/Pipeline/Pipeline.php(171): Illuminate\\Foundation\\Http\\Middleware\\TransformsRequest->handle(Object(Illuminate\\Http\\Request), Object(Closure))
#35 /Users/hugoeguino/_ProyectoSOGA/_ProyectoSOGA/vendor/laravel/framework/src/Illuminate/Foundation/Http/Middleware/TransformsRequest.php(21): Illuminate\\Pipeline\\Pipeline->Illuminate\\Pipeline\\{closure}(Object(Illuminate\\Http\\Request))
#36 /Users/hugoeguino/_ProyectoSOGA/_ProyectoSOGA/vendor/laravel/framework/src/Illuminate/Pipeline/Pipeline.php(171): Illuminate\\Foundation\\Http\\Middleware\\TransformsRequest->handle(Object(Illuminate\\Http\\Request), Object(Closure))
#37 /Users/hugoeguino/_ProyectoSOGA/_ProyectoSOGA/vendor/laravel/framework/src/Illuminate/Foundation/Http/Middleware/ValidatePostSize.php(27): Illuminate\\Pipeline\\Pipeline->Illuminate\\Pipeline\\{closure}(Object(Illuminate\\Http\\Request))
#38 /Users/hugoeguino/_ProyectoSOGA/_ProyectoSOGA/vendor/laravel/framework/src/Illuminate/Pipeline/Pipeline.php(171): Illuminate\\Foundation\\Http\\Middleware\\ValidatePostSize->handle(Object(Illuminate\\Http\\Request), Object(Closure))
#39 /Users/hugoeguino/_ProyectoSOGA/_ProyectoSOGA/vendor/laravel/framework/src/Illuminate/Foundation/Http/Middleware/CheckForMaintenanceMode.php(62): Illuminate\\Pipeline\\Pipeline->Illuminate\\Pipeline\\{closure}(Object(Illuminate\\Http\\Request))
#40 /Users/hugoeguino/_ProyectoSOGA/_ProyectoSOGA/vendor/laravel/framework/src/Illuminate/Pipeline/Pipeline.php(171): Illuminate\\Foundation\\Http\\Middleware\\CheckForMaintenanceMode->handle(Object(Illuminate\\Http\\Request), Object(Closure))
#41 /Users/hugoeguino/_ProyectoSOGA/_ProyectoSOGA/vendor/fideloper/proxy/src/TrustProxies.php(57): Illuminate\\Pipeline\\Pipeline->Illuminate\\Pipeline\\{closure}(Object(Illuminate\\Http\\Request))
#42 /Users/hugoeguino/_ProyectoSOGA/_ProyectoSOGA/vendor/laravel/framework/src/Illuminate/Pipeline/Pipeline.php(171): Fideloper\\Proxy\\TrustProxies->handle(Object(Illuminate\\Http\\Request), Object(Closure))
#43 /Users/hugoeguino/_ProyectoSOGA/_ProyectoSOGA/vendor/laravel/framework/src/Illuminate/Pipeline/Pipeline.php(105): Illuminate\\Pipeline\\Pipeline->Illuminate\\Pipeline\\{closure}(Object(Illuminate\\Http\\Request))
#44 /Users/hugoeguino/_ProyectoSOGA/_ProyectoSOGA/vendor/laravel/framework/src/Illuminate/Foundation/Http/Kernel.php(151): Illuminate\\Pipeline\\Pipeline->then(Object(Closure))
#45 /Users/hugoeguino/_ProyectoSOGA/_ProyectoSOGA/vendor/laravel/framework/src/Illuminate/Foundation/Http/Kernel.php(116): Illuminate\\Foundation\\Http\\Kernel->sendRequestThroughRouter(Object(Illuminate\\Http\\Request))
#46 /Users/hugoeguino/_ProyectoSOGA/_ProyectoSOGA/public/index.php(55): Illuminate\\Foundation\\Http\\Kernel->handle(Object(Illuminate\\Http\\Request))
#47 /Users/hugoeguino/_ProyectoSOGA/_ProyectoSOGA/server.php(21): require_once('/Users/hugoegui...')
#48 {main}
"} 
[2019-12-08 00:11:29] local.ERROR: View [ejemplo] not found. {"userId":1,"exception":"[object] (InvalidArgumentException(code: 0): View [ejemplo] not found. at /Users/hugoeguino/_ProyectoSOGA/_ProyectoSOGA/vendor/laravel/framework/src/Illuminate/View/FileViewFinder.php:137)
[stacktrace]
#0 /Users/hugoeguino/_ProyectoSOGA/_ProyectoSOGA/vendor/laravel/framework/src/Illuminate/View/FileViewFinder.php(79): Illuminate\\View\\FileViewFinder->findInPaths('ejemplo', Array)
#1 /Users/hugoeguino/_ProyectoSOGA/_ProyectoSOGA/vendor/laravel/framework/src/Illuminate/View/Factory.php(131): Illuminate\\View\\FileViewFinder->find('ejemplo')
#2 /Users/hugoeguino/_ProyectoSOGA/_ProyectoSOGA/vendor/barryvdh/laravel-dompdf/src/PDF.php(119): Illuminate\\View\\Factory->make('ejemplo', Array, Array)
#3 /Users/hugoeguino/_ProyectoSOGA/_ProyectoSOGA/vendor/barryvdh/laravel-dompdf/src/Facade.php(28): Barryvdh\\DomPDF\\PDF->loadView('ejemplo')
#4 /Users/hugoeguino/_ProyectoSOGA/_ProyectoSOGA/app/Http/Controllers/HomeController.php(212): Barryvdh\\DomPDF\\Facade::__callStatic('loadView', Array)
#5 [internal function]: App\\Http\\Controllers\\HomeController->descargar()
#6 /Users/hugoeguino/_ProyectoSOGA/_ProyectoSOGA/vendor/laravel/framework/src/Illuminate/Routing/Controller.php(54): call_user_func_array(Array, Array)
#7 /Users/hugoeguino/_ProyectoSOGA/_ProyectoSOGA/vendor/laravel/framework/src/Illuminate/Routing/ControllerDispatcher.php(45): Illuminate\\Routing\\Controller->callAction('descargar', Array)
#8 /Users/hugoeguino/_ProyectoSOGA/_ProyectoSOGA/vendor/laravel/framework/src/Illuminate/Routing/Route.php(219): Illuminate\\Routing\\ControllerDispatcher->dispatch(Object(Illuminate\\Routing\\Route), Object(App\\Http\\Controllers\\HomeController), 'descargar')
#9 /Users/hugoeguino/_ProyectoSOGA/_ProyectoSOGA/vendor/laravel/framework/src/Illuminate/Routing/Route.php(176): Illuminate\\Routing\\Route->runController()
#10 /Users/hugoeguino/_ProyectoSOGA/_ProyectoSOGA/vendor/laravel/framework/src/Illuminate/Routing/Router.php(680): Illuminate\\Routing\\Route->run()
#11 /Users/hugoeguino/_ProyectoSOGA/_ProyectoSOGA/vendor/laravel/framework/src/Illuminate/Pipeline/Pipeline.php(130): Illuminate\\Routing\\Router->Illuminate\\Routing\\{closure}(Object(Illuminate\\Http\\Request))
#12 /Users/hugoeguino/_ProyectoSOGA/_ProyectoSOGA/vendor/laravel/framework/src/Illuminate/Routing/Middleware/SubstituteBindings.php(41): Illuminate\\Pipeline\\Pipeline->Illuminate\\Pipeline\\{closure}(Object(Illuminate\\Http\\Request))
#13 /Users/hugoeguino/_ProyectoSOGA/_ProyectoSOGA/vendor/laravel/framework/src/Illuminate/Pipeline/Pipeline.php(171): Illuminate\\Routing\\Middleware\\SubstituteBindings->handle(Object(Illuminate\\Http\\Request), Object(Closure))
#14 /Users/hugoeguino/_ProyectoSOGA/_ProyectoSOGA/vendor/laravel/framework/src/Illuminate/Auth/Middleware/Authenticate.php(43): Illuminate\\Pipeline\\Pipeline->Illuminate\\Pipeline\\{closure}(Object(Illuminate\\Http\\Request))
#15 /Users/hugoeguino/_ProyectoSOGA/_ProyectoSOGA/vendor/laravel/framework/src/Illuminate/Pipeline/Pipeline.php(171): Illuminate\\Auth\\Middleware\\Authenticate->handle(Object(Illuminate\\Http\\Request), Object(Closure))
#16 /Users/hugoeguino/_ProyectoSOGA/_ProyectoSOGA/vendor/laravel/framework/src/Illuminate/Foundation/Http/Middleware/VerifyCsrfToken.php(76): Illuminate\\Pipeline\\Pipeline->Illuminate\\Pipeline\\{closure}(Object(Illuminate\\Http\\Request))
#17 /Users/hugoeguino/_ProyectoSOGA/_ProyectoSOGA/vendor/laravel/framework/src/Illuminate/Pipeline/Pipeline.php(171): Illuminate\\Foundation\\Http\\Middleware\\VerifyCsrfToken->handle(Object(Illuminate\\Http\\Request), Object(Closure))
#18 /Users/hugoeguino/_ProyectoSOGA/_ProyectoSOGA/vendor/laravel/framework/src/Illuminate/View/Middleware/ShareErrorsFromSession.php(49): Illuminate\\Pipeline\\Pipeline->Illuminate\\Pipeline\\{closure}(Object(Illuminate\\Http\\Request))
#19 /Users/hugoeguino/_ProyectoSOGA/_ProyectoSOGA/vendor/laravel/framework/src/Illuminate/Pipeline/Pipeline.php(171): Illuminate\\View\\Middleware\\ShareErrorsFromSession->handle(Object(Illuminate\\Http\\Request), Object(Closure))
#20 /Users/hugoeguino/_ProyectoSOGA/_ProyectoSOGA/vendor/laravel/framework/src/Illuminate/Session/Middleware/StartSession.php(56): Illuminate\\Pipeline\\Pipeline->Illuminate\\Pipeline\\{closure}(Object(Illuminate\\Http\\Request))
#21 /Users/hugoeguino/_ProyectoSOGA/_ProyectoSOGA/vendor/laravel/framework/src/Illuminate/Pipeline/Pipeline.php(171): Illuminate\\Session\\Middleware\\StartSession->handle(Object(Illuminate\\Http\\Request), Object(Closure))
#22 /Users/hugoeguino/_ProyectoSOGA/_ProyectoSOGA/vendor/laravel/framework/src/Illuminate/Cookie/Middleware/AddQueuedCookiesToResponse.php(37): Illuminate\\Pipeline\\Pipeline->Illuminate\\Pipeline\\{closure}(Object(Illuminate\\Http\\Request))
#23 /Users/hugoeguino/_ProyectoSOGA/_ProyectoSOGA/vendor/laravel/framework/src/Illuminate/Pipeline/Pipeline.php(171): Illuminate\\Cookie\\Middleware\\AddQueuedCookiesToResponse->handle(Object(Illuminate\\Http\\Request), Object(Closure))
#24 /Users/hugoeguino/_ProyectoSOGA/_ProyectoSOGA/vendor/laravel/framework/src/Illuminate/Cookie/Middleware/EncryptCookies.php(66): Illuminate\\Pipeline\\Pipeline->Illuminate\\Pipeline\\{closure}(Object(Illuminate\\Http\\Request))
#25 /Users/hugoeguino/_ProyectoSOGA/_ProyectoSOGA/vendor/laravel/framework/src/Illuminate/Pipeline/Pipeline.php(171): Illuminate\\Cookie\\Middleware\\EncryptCookies->handle(Object(Illuminate\\Http\\Request), Object(Closure))
#26 /Users/hugoeguino/_ProyectoSOGA/_ProyectoSOGA/vendor/laravel/framework/src/Illuminate/Pipeline/Pipeline.php(105): Illuminate\\Pipeline\\Pipeline->Illuminate\\Pipeline\\{closure}(Object(Illuminate\\Http\\Request))
#27 /Users/hugoeguino/_ProyectoSOGA/_ProyectoSOGA/vendor/laravel/framework/src/Illuminate/Routing/Router.php(682): Illuminate\\Pipeline\\Pipeline->then(Object(Closure))
#28 /Users/hugoeguino/_ProyectoSOGA/_ProyectoSOGA/vendor/laravel/framework/src/Illuminate/Routing/Router.php(657): Illuminate\\Routing\\Router->runRouteWithinStack(Object(Illuminate\\Routing\\Route), Object(Illuminate\\Http\\Request))
#29 /Users/hugoeguino/_ProyectoSOGA/_ProyectoSOGA/vendor/laravel/framework/src/Illuminate/Routing/Router.php(623): Illuminate\\Routing\\Router->runRoute(Object(Illuminate\\Http\\Request), Object(Illuminate\\Routing\\Route))
#30 /Users/hugoeguino/_ProyectoSOGA/_ProyectoSOGA/vendor/laravel/framework/src/Illuminate/Routing/Router.php(612): Illuminate\\Routing\\Router->dispatchToRoute(Object(Illuminate\\Http\\Request))
#31 /Users/hugoeguino/_ProyectoSOGA/_ProyectoSOGA/vendor/laravel/framework/src/Illuminate/Foundation/Http/Kernel.php(176): Illuminate\\Routing\\Router->dispatch(Object(Illuminate\\Http\\Request))
#32 /Users/hugoeguino/_ProyectoSOGA/_ProyectoSOGA/vendor/laravel/framework/src/Illuminate/Pipeline/Pipeline.php(130): Illuminate\\Foundation\\Http\\Kernel->Illuminate\\Foundation\\Http\\{closure}(Object(Illuminate\\Http\\Request))
#33 /Users/hugoeguino/_ProyectoSOGA/_ProyectoSOGA/vendor/laravel/framework/src/Illuminate/Foundation/Http/Middleware/TransformsRequest.php(21): Illuminate\\Pipeline\\Pipeline->Illuminate\\Pipeline\\{closure}(Object(Illuminate\\Http\\Request))
#34 /Users/hugoeguino/_ProyectoSOGA/_ProyectoSOGA/vendor/laravel/framework/src/Illuminate/Pipeline/Pipeline.php(171): Illuminate\\Foundation\\Http\\Middleware\\TransformsRequest->handle(Object(Illuminate\\Http\\Request), Object(Closure))
#35 /Users/hugoeguino/_ProyectoSOGA/_ProyectoSOGA/vendor/laravel/framework/src/Illuminate/Foundation/Http/Middleware/TransformsRequest.php(21): Illuminate\\Pipeline\\Pipeline->Illuminate\\Pipeline\\{closure}(Object(Illuminate\\Http\\Request))
#36 /Users/hugoeguino/_ProyectoSOGA/_ProyectoSOGA/vendor/laravel/framework/src/Illuminate/Pipeline/Pipeline.php(171): Illuminate\\Foundation\\Http\\Middleware\\TransformsRequest->handle(Object(Illuminate\\Http\\Request), Object(Closure))
#37 /Users/hugoeguino/_ProyectoSOGA/_ProyectoSOGA/vendor/laravel/framework/src/Illuminate/Foundation/Http/Middleware/ValidatePostSize.php(27): Illuminate\\Pipeline\\Pipeline->Illuminate\\Pipeline\\{closure}(Object(Illuminate\\Http\\Request))
#38 /Users/hugoeguino/_ProyectoSOGA/_ProyectoSOGA/vendor/laravel/framework/src/Illuminate/Pipeline/Pipeline.php(171): Illuminate\\Foundation\\Http\\Middleware\\ValidatePostSize->handle(Object(Illuminate\\Http\\Request), Object(Closure))
#39 /Users/hugoeguino/_ProyectoSOGA/_ProyectoSOGA/vendor/laravel/framework/src/Illuminate/Foundation/Http/Middleware/CheckForMaintenanceMode.php(62): Illuminate\\Pipeline\\Pipeline->Illuminate\\Pipeline\\{closure}(Object(Illuminate\\Http\\Request))
#40 /Users/hugoeguino/_ProyectoSOGA/_ProyectoSOGA/vendor/laravel/framework/src/Illuminate/Pipeline/Pipeline.php(171): Illuminate\\Foundation\\Http\\Middleware\\CheckForMaintenanceMode->handle(Object(Illuminate\\Http\\Request), Object(Closure))
#41 /Users/hugoeguino/_ProyectoSOGA/_ProyectoSOGA/vendor/fideloper/proxy/src/TrustProxies.php(57): Illuminate\\Pipeline\\Pipeline->Illuminate\\Pipeline\\{closure}(Object(Illuminate\\Http\\Request))
#42 /Users/hugoeguino/_ProyectoSOGA/_ProyectoSOGA/vendor/laravel/framework/src/Illuminate/Pipeline/Pipeline.php(171): Fideloper\\Proxy\\TrustProxies->handle(Object(Illuminate\\Http\\Request), Object(Closure))
#43 /Users/hugoeguino/_ProyectoSOGA/_ProyectoSOGA/vendor/laravel/framework/src/Illuminate/Pipeline/Pipeline.php(105): Illuminate\\Pipeline\\Pipeline->Illuminate\\Pipeline\\{closure}(Object(Illuminate\\Http\\Request))
#44 /Users/hugoeguino/_ProyectoSOGA/_ProyectoSOGA/vendor/laravel/framework/src/Illuminate/Foundation/Http/Kernel.php(151): Illuminate\\Pipeline\\Pipeline->then(Object(Closure))
#45 /Users/hugoeguino/_ProyectoSOGA/_ProyectoSOGA/vendor/laravel/framework/src/Illuminate/Foundation/Http/Kernel.php(116): Illuminate\\Foundation\\Http\\Kernel->sendRequestThroughRouter(Object(Illuminate\\Http\\Request))
#46 /Users/hugoeguino/_ProyectoSOGA/_ProyectoSOGA/public/index.php(55): Illuminate\\Foundation\\Http\\Kernel->handle(Object(Illuminate\\Http\\Request))
#47 /Users/hugoeguino/_ProyectoSOGA/_ProyectoSOGA/server.php(21): require_once('/Users/hugoegui...')
#48 {main}
"} 
[2019-12-08 00:11:42] local.ERROR: View [pdf] not found. {"userId":1,"exception":"[object] (InvalidArgumentException(code: 0): View [pdf] not found. at /Users/hugoeguino/_ProyectoSOGA/_ProyectoSOGA/vendor/laravel/framework/src/Illuminate/View/FileViewFinder.php:137)
[stacktrace]
#0 /Users/hugoeguino/_ProyectoSOGA/_ProyectoSOGA/vendor/laravel/framework/src/Illuminate/View/FileViewFinder.php(79): Illuminate\\View\\FileViewFinder->findInPaths('pdf', Array)
#1 /Users/hugoeguino/_ProyectoSOGA/_ProyectoSOGA/vendor/laravel/framework/src/Illuminate/View/Factory.php(131): Illuminate\\View\\FileViewFinder->find('pdf')
#2 /Users/hugoeguino/_ProyectoSOGA/_ProyectoSOGA/vendor/barryvdh/laravel-dompdf/src/PDF.php(119): Illuminate\\View\\Factory->make('pdf', Array, Array)
#3 /Users/hugoeguino/_ProyectoSOGA/_ProyectoSOGA/vendor/barryvdh/laravel-dompdf/src/Facade.php(28): Barryvdh\\DomPDF\\PDF->loadView('pdf')
#4 /Users/hugoeguino/_ProyectoSOGA/_ProyectoSOGA/app/Http/Controllers/HomeController.php(212): Barryvdh\\DomPDF\\Facade::__callStatic('loadView', Array)
#5 [internal function]: App\\Http\\Controllers\\HomeController->descargar()
#6 /Users/hugoeguino/_ProyectoSOGA/_ProyectoSOGA/vendor/laravel/framework/src/Illuminate/Routing/Controller.php(54): call_user_func_array(Array, Array)
#7 /Users/hugoeguino/_ProyectoSOGA/_ProyectoSOGA/vendor/laravel/framework/src/Illuminate/Routing/ControllerDispatcher.php(45): Illuminate\\Routing\\Controller->callAction('descargar', Array)
#8 /Users/hugoeguino/_ProyectoSOGA/_ProyectoSOGA/vendor/laravel/framework/src/Illuminate/Routing/Route.php(219): Illuminate\\Routing\\ControllerDispatcher->dispatch(Object(Illuminate\\Routing\\Route), Object(App\\Http\\Controllers\\HomeController), 'descargar')
#9 /Users/hugoeguino/_ProyectoSOGA/_ProyectoSOGA/vendor/laravel/framework/src/Illuminate/Routing/Route.php(176): Illuminate\\Routing\\Route->runController()
#10 /Users/hugoeguino/_ProyectoSOGA/_ProyectoSOGA/vendor/laravel/framework/src/Illuminate/Routing/Router.php(680): Illuminate\\Routing\\Route->run()
#11 /Users/hugoeguino/_ProyectoSOGA/_ProyectoSOGA/vendor/laravel/framework/src/Illuminate/Pipeline/Pipeline.php(130): Illuminate\\Routing\\Router->Illuminate\\Routing\\{closure}(Object(Illuminate\\Http\\Request))
#12 /Users/hugoeguino/_ProyectoSOGA/_ProyectoSOGA/vendor/laravel/framework/src/Illuminate/Routing/Middleware/SubstituteBindings.php(41): Illuminate\\Pipeline\\Pipeline->Illuminate\\Pipeline\\{closure}(Object(Illuminate\\Http\\Request))
#13 /Users/hugoeguino/_ProyectoSOGA/_ProyectoSOGA/vendor/laravel/framework/src/Illuminate/Pipeline/Pipeline.php(171): Illuminate\\Routing\\Middleware\\SubstituteBindings->handle(Object(Illuminate\\Http\\Request), Object(Closure))
#14 /Users/hugoeguino/_ProyectoSOGA/_ProyectoSOGA/vendor/laravel/framework/src/Illuminate/Auth/Middleware/Authenticate.php(43): Illuminate\\Pipeline\\Pipeline->Illuminate\\Pipeline\\{closure}(Object(Illuminate\\Http\\Request))
#15 /Users/hugoeguino/_ProyectoSOGA/_ProyectoSOGA/vendor/laravel/framework/src/Illuminate/Pipeline/Pipeline.php(171): Illuminate\\Auth\\Middleware\\Authenticate->handle(Object(Illuminate\\Http\\Request), Object(Closure))
#16 /Users/hugoeguino/_ProyectoSOGA/_ProyectoSOGA/vendor/laravel/framework/src/Illuminate/Foundation/Http/Middleware/VerifyCsrfToken.php(76): Illuminate\\Pipeline\\Pipeline->Illuminate\\Pipeline\\{closure}(Object(Illuminate\\Http\\Request))
#17 /Users/hugoeguino/_ProyectoSOGA/_ProyectoSOGA/vendor/laravel/framework/src/Illuminate/Pipeline/Pipeline.php(171): Illuminate\\Foundation\\Http\\Middleware\\VerifyCsrfToken->handle(Object(Illuminate\\Http\\Request), Object(Closure))
#18 /Users/hugoeguino/_ProyectoSOGA/_ProyectoSOGA/vendor/laravel/framework/src/Illuminate/View/Middleware/ShareErrorsFromSession.php(49): Illuminate\\Pipeline\\Pipeline->Illuminate\\Pipeline\\{closure}(Object(Illuminate\\Http\\Request))
#19 /Users/hugoeguino/_ProyectoSOGA/_ProyectoSOGA/vendor/laravel/framework/src/Illuminate/Pipeline/Pipeline.php(171): Illuminate\\View\\Middleware\\ShareErrorsFromSession->handle(Object(Illuminate\\Http\\Request), Object(Closure))
#20 /Users/hugoeguino/_ProyectoSOGA/_ProyectoSOGA/vendor/laravel/framework/src/Illuminate/Session/Middleware/StartSession.php(56): Illuminate\\Pipeline\\Pipeline->Illuminate\\Pipeline\\{closure}(Object(Illuminate\\Http\\Request))
#21 /Users/hugoeguino/_ProyectoSOGA/_ProyectoSOGA/vendor/laravel/framework/src/Illuminate/Pipeline/Pipeline.php(171): Illuminate\\Session\\Middleware\\StartSession->handle(Object(Illuminate\\Http\\Request), Object(Closure))
#22 /Users/hugoeguino/_ProyectoSOGA/_ProyectoSOGA/vendor/laravel/framework/src/Illuminate/Cookie/Middleware/AddQueuedCookiesToResponse.php(37): Illuminate\\Pipeline\\Pipeline->Illuminate\\Pipeline\\{closure}(Object(Illuminate\\Http\\Request))
#23 /Users/hugoeguino/_ProyectoSOGA/_ProyectoSOGA/vendor/laravel/framework/src/Illuminate/Pipeline/Pipeline.php(171): Illuminate\\Cookie\\Middleware\\AddQueuedCookiesToResponse->handle(Object(Illuminate\\Http\\Request), Object(Closure))
#24 /Users/hugoeguino/_ProyectoSOGA/_ProyectoSOGA/vendor/laravel/framework/src/Illuminate/Cookie/Middleware/EncryptCookies.php(66): Illuminate\\Pipeline\\Pipeline->Illuminate\\Pipeline\\{closure}(Object(Illuminate\\Http\\Request))
#25 /Users/hugoeguino/_ProyectoSOGA/_ProyectoSOGA/vendor/laravel/framework/src/Illuminate/Pipeline/Pipeline.php(171): Illuminate\\Cookie\\Middleware\\EncryptCookies->handle(Object(Illuminate\\Http\\Request), Object(Closure))
#26 /Users/hugoeguino/_ProyectoSOGA/_ProyectoSOGA/vendor/laravel/framework/src/Illuminate/Pipeline/Pipeline.php(105): Illuminate\\Pipeline\\Pipeline->Illuminate\\Pipeline\\{closure}(Object(Illuminate\\Http\\Request))
#27 /Users/hugoeguino/_ProyectoSOGA/_ProyectoSOGA/vendor/laravel/framework/src/Illuminate/Routing/Router.php(682): Illuminate\\Pipeline\\Pipeline->then(Object(Closure))
#28 /Users/hugoeguino/_ProyectoSOGA/_ProyectoSOGA/vendor/laravel/framework/src/Illuminate/Routing/Router.php(657): Illuminate\\Routing\\Router->runRouteWithinStack(Object(Illuminate\\Routing\\Route), Object(Illuminate\\Http\\Request))
#29 /Users/hugoeguino/_ProyectoSOGA/_ProyectoSOGA/vendor/laravel/framework/src/Illuminate/Routing/Router.php(623): Illuminate\\Routing\\Router->runRoute(Object(Illuminate\\Http\\Request), Object(Illuminate\\Routing\\Route))
#30 /Users/hugoeguino/_ProyectoSOGA/_ProyectoSOGA/vendor/laravel/framework/src/Illuminate/Routing/Router.php(612): Illuminate\\Routing\\Router->dispatchToRoute(Object(Illuminate\\Http\\Request))
#31 /Users/hugoeguino/_ProyectoSOGA/_ProyectoSOGA/vendor/laravel/framework/src/Illuminate/Foundation/Http/Kernel.php(176): Illuminate\\Routing\\Router->dispatch(Object(Illuminate\\Http\\Request))
#32 /Users/hugoeguino/_ProyectoSOGA/_ProyectoSOGA/vendor/laravel/framework/src/Illuminate/Pipeline/Pipeline.php(130): Illuminate\\Foundation\\Http\\Kernel->Illuminate\\Foundation\\Http\\{closure}(Object(Illuminate\\Http\\Request))
#33 /Users/hugoeguino/_ProyectoSOGA/_ProyectoSOGA/vendor/laravel/framework/src/Illuminate/Foundation/Http/Middleware/TransformsRequest.php(21): Illuminate\\Pipeline\\Pipeline->Illuminate\\Pipeline\\{closure}(Object(Illuminate\\Http\\Request))
#34 /Users/hugoeguino/_ProyectoSOGA/_ProyectoSOGA/vendor/laravel/framework/src/Illuminate/Pipeline/Pipeline.php(171): Illuminate\\Foundation\\Http\\Middleware\\TransformsRequest->handle(Object(Illuminate\\Http\\Request), Object(Closure))
#35 /Users/hugoeguino/_ProyectoSOGA/_ProyectoSOGA/vendor/laravel/framework/src/Illuminate/Foundation/Http/Middleware/TransformsRequest.php(21): Illuminate\\Pipeline\\Pipeline->Illuminate\\Pipeline\\{closure}(Object(Illuminate\\Http\\Request))
#36 /Users/hugoeguino/_ProyectoSOGA/_ProyectoSOGA/vendor/laravel/framework/src/Illuminate/Pipeline/Pipeline.php(171): Illuminate\\Foundation\\Http\\Middleware\\TransformsRequest->handle(Object(Illuminate\\Http\\Request), Object(Closure))
#37 /Users/hugoeguino/_ProyectoSOGA/_ProyectoSOGA/vendor/laravel/framework/src/Illuminate/Foundation/Http/Middleware/ValidatePostSize.php(27): Illuminate\\Pipeline\\Pipeline->Illuminate\\Pipeline\\{closure}(Object(Illuminate\\Http\\Request))
#38 /Users/hugoeguino/_ProyectoSOGA/_ProyectoSOGA/vendor/laravel/framework/src/Illuminate/Pipeline/Pipeline.php(171): Illuminate\\Foundation\\Http\\Middleware\\ValidatePostSize->handle(Object(Illuminate\\Http\\Request), Object(Closure))
#39 /Users/hugoeguino/_ProyectoSOGA/_ProyectoSOGA/vendor/laravel/framework/src/Illuminate/Foundation/Http/Middleware/CheckForMaintenanceMode.php(62): Illuminate\\Pipeline\\Pipeline->Illuminate\\Pipeline\\{closure}(Object(Illuminate\\Http\\Request))
#40 /Users/hugoeguino/_ProyectoSOGA/_ProyectoSOGA/vendor/laravel/framework/src/Illuminate/Pipeline/Pipeline.php(171): Illuminate\\Foundation\\Http\\Middleware\\CheckForMaintenanceMode->handle(Object(Illuminate\\Http\\Request), Object(Closure))
#41 /Users/hugoeguino/_ProyectoSOGA/_ProyectoSOGA/vendor/fideloper/proxy/src/TrustProxies.php(57): Illuminate\\Pipeline\\Pipeline->Illuminate\\Pipeline\\{closure}(Object(Illuminate\\Http\\Request))
#42 /Users/hugoeguino/_ProyectoSOGA/_ProyectoSOGA/vendor/laravel/framework/src/Illuminate/Pipeline/Pipeline.php(171): Fideloper\\Proxy\\TrustProxies->handle(Object(Illuminate\\Http\\Request), Object(Closure))
#43 /Users/hugoeguino/_ProyectoSOGA/_ProyectoSOGA/vendor/laravel/framework/src/Illuminate/Pipeline/Pipeline.php(105): Illuminate\\Pipeline\\Pipeline->Illuminate\\Pipeline\\{closure}(Object(Illuminate\\Http\\Request))
#44 /Users/hugoeguino/_ProyectoSOGA/_ProyectoSOGA/vendor/laravel/framework/src/Illuminate/Foundation/Http/Kernel.php(151): Illuminate\\Pipeline\\Pipeline->then(Object(Closure))
#45 /Users/hugoeguino/_ProyectoSOGA/_ProyectoSOGA/vendor/laravel/framework/src/Illuminate/Foundation/Http/Kernel.php(116): Illuminate\\Foundation\\Http\\Kernel->sendRequestThroughRouter(Object(Illuminate\\Http\\Request))
#46 /Users/hugoeguino/_ProyectoSOGA/_ProyectoSOGA/public/index.php(55): Illuminate\\Foundation\\Http\\Kernel->handle(Object(Illuminate\\Http\\Request))
#47 /Users/hugoeguino/_ProyectoSOGA/_ProyectoSOGA/server.php(21): require_once('/Users/hugoegui...')
#48 {main}
"} 
[2019-12-08 00:12:06] local.ERROR: View [pdf] not found. {"userId":1,"exception":"[object] (InvalidArgumentException(code: 0): View [pdf] not found. at /Users/hugoeguino/_ProyectoSOGA/_ProyectoSOGA/vendor/laravel/framework/src/Illuminate/View/FileViewFinder.php:137)
[stacktrace]
#0 /Users/hugoeguino/_ProyectoSOGA/_ProyectoSOGA/vendor/laravel/framework/src/Illuminate/View/FileViewFinder.php(79): Illuminate\\View\\FileViewFinder->findInPaths('pdf', Array)
#1 /Users/hugoeguino/_ProyectoSOGA/_ProyectoSOGA/vendor/laravel/framework/src/Illuminate/View/Factory.php(131): Illuminate\\View\\FileViewFinder->find('pdf')
#2 /Users/hugoeguino/_ProyectoSOGA/_ProyectoSOGA/vendor/barryvdh/laravel-dompdf/src/PDF.php(119): Illuminate\\View\\Factory->make('pdf', Array, Array)
#3 /Users/hugoeguino/_ProyectoSOGA/_ProyectoSOGA/vendor/barryvdh/laravel-dompdf/src/Facade.php(28): Barryvdh\\DomPDF\\PDF->loadView('pdf')
#4 /Users/hugoeguino/_ProyectoSOGA/_ProyectoSOGA/app/Http/Controllers/HomeController.php(212): Barryvdh\\DomPDF\\Facade::__callStatic('loadView', Array)
#5 [internal function]: App\\Http\\Controllers\\HomeController->descargar()
#6 /Users/hugoeguino/_ProyectoSOGA/_ProyectoSOGA/vendor/laravel/framework/src/Illuminate/Routing/Controller.php(54): call_user_func_array(Array, Array)
#7 /Users/hugoeguino/_ProyectoSOGA/_ProyectoSOGA/vendor/laravel/framework/src/Illuminate/Routing/ControllerDispatcher.php(45): Illuminate\\Routing\\Controller->callAction('descargar', Array)
#8 /Users/hugoeguino/_ProyectoSOGA/_ProyectoSOGA/vendor/laravel/framework/src/Illuminate/Routing/Route.php(219): Illuminate\\Routing\\ControllerDispatcher->dispatch(Object(Illuminate\\Routing\\Route), Object(App\\Http\\Controllers\\HomeController), 'descargar')
#9 /Users/hugoeguino/_ProyectoSOGA/_ProyectoSOGA/vendor/laravel/framework/src/Illuminate/Routing/Route.php(176): Illuminate\\Routing\\Route->runController()
#10 /Users/hugoeguino/_ProyectoSOGA/_ProyectoSOGA/vendor/laravel/framework/src/Illuminate/Routing/Router.php(680): Illuminate\\Routing\\Route->run()
#11 /Users/hugoeguino/_ProyectoSOGA/_ProyectoSOGA/vendor/laravel/framework/src/Illuminate/Pipeline/Pipeline.php(130): Illuminate\\Routing\\Router->Illuminate\\Routing\\{closure}(Object(Illuminate\\Http\\Request))
#12 /Users/hugoeguino/_ProyectoSOGA/_ProyectoSOGA/vendor/laravel/framework/src/Illuminate/Routing/Middleware/SubstituteBindings.php(41): Illuminate\\Pipeline\\Pipeline->Illuminate\\Pipeline\\{closure}(Object(Illuminate\\Http\\Request))
#13 /Users/hugoeguino/_ProyectoSOGA/_ProyectoSOGA/vendor/laravel/framework/src/Illuminate/Pipeline/Pipeline.php(171): Illuminate\\Routing\\Middleware\\SubstituteBindings->handle(Object(Illuminate\\Http\\Request), Object(Closure))
#14 /Users/hugoeguino/_ProyectoSOGA/_ProyectoSOGA/vendor/laravel/framework/src/Illuminate/Auth/Middleware/Authenticate.php(43): Illuminate\\Pipeline\\Pipeline->Illuminate\\Pipeline\\{closure}(Object(Illuminate\\Http\\Request))
#15 /Users/hugoeguino/_ProyectoSOGA/_ProyectoSOGA/vendor/laravel/framework/src/Illuminate/Pipeline/Pipeline.php(171): Illuminate\\Auth\\Middleware\\Authenticate->handle(Object(Illuminate\\Http\\Request), Object(Closure))
#16 /Users/hugoeguino/_ProyectoSOGA/_ProyectoSOGA/vendor/laravel/framework/src/Illuminate/Foundation/Http/Middleware/VerifyCsrfToken.php(76): Illuminate\\Pipeline\\Pipeline->Illuminate\\Pipeline\\{closure}(Object(Illuminate\\Http\\Request))
#17 /Users/hugoeguino/_ProyectoSOGA/_ProyectoSOGA/vendor/laravel/framework/src/Illuminate/Pipeline/Pipeline.php(171): Illuminate\\Foundation\\Http\\Middleware\\VerifyCsrfToken->handle(Object(Illuminate\\Http\\Request), Object(Closure))
#18 /Users/hugoeguino/_ProyectoSOGA/_ProyectoSOGA/vendor/laravel/framework/src/Illuminate/View/Middleware/ShareErrorsFromSession.php(49): Illuminate\\Pipeline\\Pipeline->Illuminate\\Pipeline\\{closure}(Object(Illuminate\\Http\\Request))
#19 /Users/hugoeguino/_ProyectoSOGA/_ProyectoSOGA/vendor/laravel/framework/src/Illuminate/Pipeline/Pipeline.php(171): Illuminate\\View\\Middleware\\ShareErrorsFromSession->handle(Object(Illuminate\\Http\\Request), Object(Closure))
#20 /Users/hugoeguino/_ProyectoSOGA/_ProyectoSOGA/vendor/laravel/framework/src/Illuminate/Session/Middleware/StartSession.php(56): Illuminate\\Pipeline\\Pipeline->Illuminate\\Pipeline\\{closure}(Object(Illuminate\\Http\\Request))
#21 /Users/hugoeguino/_ProyectoSOGA/_ProyectoSOGA/vendor/laravel/framework/src/Illuminate/Pipeline/Pipeline.php(171): Illuminate\\Session\\Middleware\\StartSession->handle(Object(Illuminate\\Http\\Request), Object(Closure))
#22 /Users/hugoeguino/_ProyectoSOGA/_ProyectoSOGA/vendor/laravel/framework/src/Illuminate/Cookie/Middleware/AddQueuedCookiesToResponse.php(37): Illuminate\\Pipeline\\Pipeline->Illuminate\\Pipeline\\{closure}(Object(Illuminate\\Http\\Request))
#23 /Users/hugoeguino/_ProyectoSOGA/_ProyectoSOGA/vendor/laravel/framework/src/Illuminate/Pipeline/Pipeline.php(171): Illuminate\\Cookie\\Middleware\\AddQueuedCookiesToResponse->handle(Object(Illuminate\\Http\\Request), Object(Closure))
#24 /Users/hugoeguino/_ProyectoSOGA/_ProyectoSOGA/vendor/laravel/framework/src/Illuminate/Cookie/Middleware/EncryptCookies.php(66): Illuminate\\Pipeline\\Pipeline->Illuminate\\Pipeline\\{closure}(Object(Illuminate\\Http\\Request))
#25 /Users/hugoeguino/_ProyectoSOGA/_ProyectoSOGA/vendor/laravel/framework/src/Illuminate/Pipeline/Pipeline.php(171): Illuminate\\Cookie\\Middleware\\EncryptCookies->handle(Object(Illuminate\\Http\\Request), Object(Closure))
#26 /Users/hugoeguino/_ProyectoSOGA/_ProyectoSOGA/vendor/laravel/framework/src/Illuminate/Pipeline/Pipeline.php(105): Illuminate\\Pipeline\\Pipeline->Illuminate\\Pipeline\\{closure}(Object(Illuminate\\Http\\Request))
#27 /Users/hugoeguino/_ProyectoSOGA/_ProyectoSOGA/vendor/laravel/framework/src/Illuminate/Routing/Router.php(682): Illuminate\\Pipeline\\Pipeline->then(Object(Closure))
#28 /Users/hugoeguino/_ProyectoSOGA/_ProyectoSOGA/vendor/laravel/framework/src/Illuminate/Routing/Router.php(657): Illuminate\\Routing\\Router->runRouteWithinStack(Object(Illuminate\\Routing\\Route), Object(Illuminate\\Http\\Request))
#29 /Users/hugoeguino/_ProyectoSOGA/_ProyectoSOGA/vendor/laravel/framework/src/Illuminate/Routing/Router.php(623): Illuminate\\Routing\\Router->runRoute(Object(Illuminate\\Http\\Request), Object(Illuminate\\Routing\\Route))
#30 /Users/hugoeguino/_ProyectoSOGA/_ProyectoSOGA/vendor/laravel/framework/src/Illuminate/Routing/Router.php(612): Illuminate\\Routing\\Router->dispatchToRoute(Object(Illuminate\\Http\\Request))
#31 /Users/hugoeguino/_ProyectoSOGA/_ProyectoSOGA/vendor/laravel/framework/src/Illuminate/Foundation/Http/Kernel.php(176): Illuminate\\Routing\\Router->dispatch(Object(Illuminate\\Http\\Request))
#32 /Users/hugoeguino/_ProyectoSOGA/_ProyectoSOGA/vendor/laravel/framework/src/Illuminate/Pipeline/Pipeline.php(130): Illuminate\\Foundation\\Http\\Kernel->Illuminate\\Foundation\\Http\\{closure}(Object(Illuminate\\Http\\Request))
#33 /Users/hugoeguino/_ProyectoSOGA/_ProyectoSOGA/vendor/laravel/framework/src/Illuminate/Foundation/Http/Middleware/TransformsRequest.php(21): Illuminate\\Pipeline\\Pipeline->Illuminate\\Pipeline\\{closure}(Object(Illuminate\\Http\\Request))
#34 /Users/hugoeguino/_ProyectoSOGA/_ProyectoSOGA/vendor/laravel/framework/src/Illuminate/Pipeline/Pipeline.php(171): Illuminate\\Foundation\\Http\\Middleware\\TransformsRequest->handle(Object(Illuminate\\Http\\Request), Object(Closure))
#35 /Users/hugoeguino/_ProyectoSOGA/_ProyectoSOGA/vendor/laravel/framework/src/Illuminate/Foundation/Http/Middleware/TransformsRequest.php(21): Illuminate\\Pipeline\\Pipeline->Illuminate\\Pipeline\\{closure}(Object(Illuminate\\Http\\Request))
#36 /Users/hugoeguino/_ProyectoSOGA/_ProyectoSOGA/vendor/laravel/framework/src/Illuminate/Pipeline/Pipeline.php(171): Illuminate\\Foundation\\Http\\Middleware\\TransformsRequest->handle(Object(Illuminate\\Http\\Request), Object(Closure))
#37 /Users/hugoeguino/_ProyectoSOGA/_ProyectoSOGA/vendor/laravel/framework/src/Illuminate/Foundation/Http/Middleware/ValidatePostSize.php(27): Illuminate\\Pipeline\\Pipeline->Illuminate\\Pipeline\\{closure}(Object(Illuminate\\Http\\Request))
#38 /Users/hugoeguino/_ProyectoSOGA/_ProyectoSOGA/vendor/laravel/framework/src/Illuminate/Pipeline/Pipeline.php(171): Illuminate\\Foundation\\Http\\Middleware\\ValidatePostSize->handle(Object(Illuminate\\Http\\Request), Object(Closure))
#39 /Users/hugoeguino/_ProyectoSOGA/_ProyectoSOGA/vendor/laravel/framework/src/Illuminate/Foundation/Http/Middleware/CheckForMaintenanceMode.php(62): Illuminate\\Pipeline\\Pipeline->Illuminate\\Pipeline\\{closure}(Object(Illuminate\\Http\\Request))
#40 /Users/hugoeguino/_ProyectoSOGA/_ProyectoSOGA/vendor/laravel/framework/src/Illuminate/Pipeline/Pipeline.php(171): Illuminate\\Foundation\\Http\\Middleware\\CheckForMaintenanceMode->handle(Object(Illuminate\\Http\\Request), Object(Closure))
#41 /Users/hugoeguino/_ProyectoSOGA/_ProyectoSOGA/vendor/fideloper/proxy/src/TrustProxies.php(57): Illuminate\\Pipeline\\Pipeline->Illuminate\\Pipeline\\{closure}(Object(Illuminate\\Http\\Request))
#42 /Users/hugoeguino/_ProyectoSOGA/_ProyectoSOGA/vendor/laravel/framework/src/Illuminate/Pipeline/Pipeline.php(171): Fideloper\\Proxy\\TrustProxies->handle(Object(Illuminate\\Http\\Request), Object(Closure))
#43 /Users/hugoeguino/_ProyectoSOGA/_ProyectoSOGA/vendor/laravel/framework/src/Illuminate/Pipeline/Pipeline.php(105): Illuminate\\Pipeline\\Pipeline->Illuminate\\Pipeline\\{closure}(Object(Illuminate\\Http\\Request))
#44 /Users/hugoeguino/_ProyectoSOGA/_ProyectoSOGA/vendor/laravel/framework/src/Illuminate/Foundation/Http/Kernel.php(151): Illuminate\\Pipeline\\Pipeline->then(Object(Closure))
#45 /Users/hugoeguino/_ProyectoSOGA/_ProyectoSOGA/vendor/laravel/framework/src/Illuminate/Foundation/Http/Kernel.php(116): Illuminate\\Foundation\\Http\\Kernel->sendRequestThroughRouter(Object(Illuminate\\Http\\Request))
#46 /Users/hugoeguino/_ProyectoSOGA/_ProyectoSOGA/public/index.php(55): Illuminate\\Foundation\\Http\\Kernel->handle(Object(Illuminate\\Http\\Request))
#47 /Users/hugoeguino/_ProyectoSOGA/_ProyectoSOGA/server.php(21): require_once('/Users/hugoegui...')
#48 {main}
"} 
